-- Found ament_cmake: 2.5.2 (/opt/ros/jazzy/share/ament_cmake/cmake)
-- Found rclcpp: 28.1.5 (/opt/ros/jazzy/share/rclcpp/cmake)
-- Found rosidl_generator_c: 4.6.4 (/opt/ros/jazzy/share/rosidl_generator_c/cmake)
-- Found rosidl_generator_cpp: 4.6.4 (/opt/ros/jazzy/share/rosidl_generator_cpp/cmake)
-- Using all available rosidl_typesupport_c: rosidl_typesupport_fastrtps_c;rosidl_typesupport_introspection_c
-- Using all available rosidl_typesupport_cpp: rosidl_typesupport_fastrtps_cpp;rosidl_typesupport_introspection_cpp
-- Found rmw_implementation_cmake: 7.3.1 (/opt/ros/jazzy/share/rmw_implementation_cmake/cmake)
-- Found rmw_fastrtps_cpp: 8.4.1 (/opt/ros/jazzy/share/rmw_fastrtps_cpp/cmake)
-- Using RMW implementation 'rmw_fastrtps_cpp' as default
-- Found ament_lint_auto: 0.17.1 (/opt/ros/jazzy/share/ament_lint_auto/cmake)
-- Added test 'cppcheck' to perform static code analysis on C / C++ code
-- Configured cppcheck include dirs: 
-- Configured cppcheck exclude dirs and/or files: 
-- Added test 'lint_cmake' to check CMake code style
-- Added test 'uncrustify' to check C / C++ code style
-- Configured uncrustify additional arguments: 
-- Added test 'xmllint' to check XML markup files
-- Configuring done (0.5s)
-- Generating done (0.0s)
-- Build files have been written to: /home/colmenasio/Personal/Proyects/Racing/aimai_test_env_beta/ros_pgks/build/example_nodes
[ 50%] [32mBuilding CXX object CMakeFiles/waveDriver.dir/src/wave_driver.cpp.o[0m
[100%] [32m[1mLinking CXX executable waveDriver[0m
[100%] Built target waveDriver
-- Install configuration: ""
-- Installing: /home/colmenasio/Personal/Proyects/Racing/aimai_test_env_beta/ros_pgks/install/example_nodes/lib/example_nodes/waveDriver
-- Set non-toolchain portion of runtime path of "/home/colmenasio/Personal/Proyects/Racing/aimai_test_env_beta/ros_pgks/install/example_nodes/lib/example_nodes/waveDriver" to ""
-- Installing: /home/colmenasio/Personal/Proyects/Racing/aimai_test_env_beta/ros_pgks/install/example_nodes/share/ament_index/resource_index/package_run_dependencies/example_nodes
-- Installing: /home/colmenasio/Personal/Proyects/Racing/aimai_test_env_beta/ros_pgks/install/example_nodes/share/ament_index/resource_index/parent_prefix_path/example_nodes
-- Installing: /home/colmenasio/Personal/Proyects/Racing/aimai_test_env_beta/ros_pgks/install/example_nodes/share/example_nodes/environment/ament_prefix_path.sh
-- Installing: /home/colmenasio/Personal/Proyects/Racing/aimai_test_env_beta/ros_pgks/install/example_nodes/share/example_nodes/environment/ament_prefix_path.dsv
-- Installing: /home/colmenasio/Personal/Proyects/Racing/aimai_test_env_beta/ros_pgks/install/example_nodes/share/example_nodes/environment/path.sh
-- Installing: /home/colmenasio/Personal/Proyects/Racing/aimai_test_env_beta/ros_pgks/install/example_nodes/share/example_nodes/environment/path.dsv
-- Installing: /home/colmenasio/Personal/Proyects/Racing/aimai_test_env_beta/ros_pgks/install/example_nodes/share/example_nodes/local_setup.bash
-- Installing: /home/colmenasio/Personal/Proyects/Racing/aimai_test_env_beta/ros_pgks/install/example_nodes/share/example_nodes/local_setup.sh
-- Installing: /home/colmenasio/Personal/Proyects/Racing/aimai_test_env_beta/ros_pgks/install/example_nodes/share/example_nodes/local_setup.zsh
-- Installing: /home/colmenasio/Personal/Proyects/Racing/aimai_test_env_beta/ros_pgks/install/example_nodes/share/example_nodes/local_setup.dsv
-- Installing: /home/colmenasio/Personal/Proyects/Racing/aimai_test_env_beta/ros_pgks/install/example_nodes/share/example_nodes/package.dsv
-- Installing: /home/colmenasio/Personal/Proyects/Racing/aimai_test_env_beta/ros_pgks/install/example_nodes/share/ament_index/resource_index/packages/example_nodes
-- Installing: /home/colmenasio/Personal/Proyects/Racing/aimai_test_env_beta/ros_pgks/install/example_nodes/share/example_nodes/cmake/example_nodesConfig.cmake
-- Installing: /home/colmenasio/Personal/Proyects/Racing/aimai_test_env_beta/ros_pgks/install/example_nodes/share/example_nodes/cmake/example_nodesConfig-version.cmake
-- Installing: /home/colmenasio/Personal/Proyects/Racing/aimai_test_env_beta/ros_pgks/install/example_nodes/share/example_nodes/package.xml
