[0.009s] Invoking command in '/home/colmenasio/Personal/Proyects/Racing/aimai_test_env_beta/ros_pgks/build/example_nodes': CMAKE_PREFIX_PATH=${CMAKE_PREFIX_PATH}:/opt/ros/jazzy DEBUGINFOD_URLS=https://debuginfod.ubuntu.com /usr/bin/cmake --build /home/colmenasio/Personal/Proyects/Racing/aimai_test_env_beta/ros_pgks/build/example_nodes -- -j16 -l16
[0.063s] [ 50%] [32mBuilding CXX object CMakeFiles/waveDriver.dir/src/wave_driver.cpp.o[0m
[2.935s] [100%] [32m[1mLinking CXX executable waveDriver[0m
[3.031s] [100%] Built target waveDriver
[3.041s] Invoked command in '/home/colmenasio/Personal/Proyects/Racing/aimai_test_env_beta/ros_pgks/build/example_nodes' returned '0': CMAKE_PREFIX_PATH=${CMAKE_PREFIX_PATH}:/opt/ros/jazzy DEBUGINFOD_URLS=https://debuginfod.ubuntu.com /usr/bin/cmake --build /home/colmenasio/Personal/Proyects/Racing/aimai_test_env_beta/ros_pgks/build/example_nodes -- -j16 -l16
[3.071s] Invoking command in '/home/colmenasio/Personal/Proyects/Racing/aimai_test_env_beta/ros_pgks/build/example_nodes': CMAKE_PREFIX_PATH=${CMAKE_PREFIX_PATH}:/opt/ros/jazzy DEBUGINFOD_URLS=https://debuginfod.ubuntu.com /usr/bin/cmake --install /home/colmenasio/Personal/Proyects/Racing/aimai_test_env_beta/ros_pgks/build/example_nodes
[3.078s] -- Install configuration: ""
[3.078s] -- Installing: /home/colmenasio/Personal/Proyects/Racing/aimai_test_env_beta/ros_pgks/install/example_nodes/lib/example_nodes/waveDriver
[3.079s] -- Set non-toolchain portion of runtime path of "/home/colmenasio/Personal/Proyects/Racing/aimai_test_env_beta/ros_pgks/install/example_nodes/lib/example_nodes/waveDriver" to ""
[3.079s] -- Up-to-date: /home/colmenasio/Personal/Proyects/Racing/aimai_test_env_beta/ros_pgks/install/example_nodes/share/ament_index/resource_index/package_run_dependencies/example_nodes
[3.079s] -- Up-to-date: /home/colmenasio/Personal/Proyects/Racing/aimai_test_env_beta/ros_pgks/install/example_nodes/share/ament_index/resource_index/parent_prefix_path/example_nodes
[3.079s] -- Up-to-date: /home/colmenasio/Personal/Proyects/Racing/aimai_test_env_beta/ros_pgks/install/example_nodes/share/example_nodes/environment/ament_prefix_path.sh
[3.079s] -- Up-to-date: /home/colmenasio/Personal/Proyects/Racing/aimai_test_env_beta/ros_pgks/install/example_nodes/share/example_nodes/environment/ament_prefix_path.dsv
[3.079s] -- Up-to-date: /home/colmenasio/Personal/Proyects/Racing/aimai_test_env_beta/ros_pgks/install/example_nodes/share/example_nodes/environment/path.sh
[3.079s] -- Up-to-date: /home/colmenasio/Personal/Proyects/Racing/aimai_test_env_beta/ros_pgks/install/example_nodes/share/example_nodes/environment/path.dsv
[3.079s] -- Up-to-date: /home/colmenasio/Personal/Proyects/Racing/aimai_test_env_beta/ros_pgks/install/example_nodes/share/example_nodes/local_setup.bash
[3.079s] -- Up-to-date: /home/colmenasio/Personal/Proyects/Racing/aimai_test_env_beta/ros_pgks/install/example_nodes/share/example_nodes/local_setup.sh
[3.079s] -- Up-to-date: /home/colmenasio/Personal/Proyects/Racing/aimai_test_env_beta/ros_pgks/install/example_nodes/share/example_nodes/local_setup.zsh
[3.079s] -- Up-to-date: /home/colmenasio/Personal/Proyects/Racing/aimai_test_env_beta/ros_pgks/install/example_nodes/share/example_nodes/local_setup.dsv
[3.079s] -- Installing: /home/colmenasio/Personal/Proyects/Racing/aimai_test_env_beta/ros_pgks/install/example_nodes/share/example_nodes/package.dsv
[3.080s] -- Up-to-date: /home/colmenasio/Personal/Proyects/Racing/aimai_test_env_beta/ros_pgks/install/example_nodes/share/ament_index/resource_index/packages/example_nodes
[3.080s] -- Up-to-date: /home/colmenasio/Personal/Proyects/Racing/aimai_test_env_beta/ros_pgks/install/example_nodes/share/example_nodes/cmake/example_nodesConfig.cmake
[3.080s] -- Up-to-date: /home/colmenasio/Personal/Proyects/Racing/aimai_test_env_beta/ros_pgks/install/example_nodes/share/example_nodes/cmake/example_nodesConfig-version.cmake
[3.080s] -- Up-to-date: /home/colmenasio/Personal/Proyects/Racing/aimai_test_env_beta/ros_pgks/install/example_nodes/share/example_nodes/package.xml
[3.081s] Invoked command in '/home/colmenasio/Personal/Proyects/Racing/aimai_test_env_beta/ros_pgks/build/example_nodes' returned '0': CMAKE_PREFIX_PATH=${CMAKE_PREFIX_PATH}:/opt/ros/jazzy DEBUGINFOD_URLS=https://debuginfod.ubuntu.com /usr/bin/cmake --install /home/colmenasio/Personal/Proyects/Racing/aimai_test_env_beta/ros_pgks/build/example_nodes
