[0.008s] Invoking command in '/home/colmenasio/Personal/Proyects/Racing/aimai_test_env_beta/ros_pgks/build/example_nodes': CMAKE_PREFIX_PATH=${CMAKE_PREFIX_PATH}:/opt/ros/jazzy DEBUGINFOD_URLS=https://debuginfod.ubuntu.com /usr/bin/cmake --build /home/colmenasio/Personal/Proyects/Racing/aimai_test_env_beta/ros_pgks/build/example_nodes -- -j16 -l16
[0.031s] -- Found ament_cmake: 2.5.2 (/opt/ros/jazzy/share/ament_cmake/cmake)
[0.202s] -- Found rclcpp: 28.1.5 (/opt/ros/jazzy/share/rclcpp/cmake)
[0.224s] -- Found rosidl_generator_c: 4.6.4 (/opt/ros/jazzy/share/rosidl_generator_c/cmake)
[0.231s] -- Found rosidl_generator_cpp: 4.6.4 (/opt/ros/jazzy/share/rosidl_generator_cpp/cmake)
[0.240s] -- Using all available rosidl_typesupport_c: rosidl_typesupport_fastrtps_c;rosidl_typesupport_introspection_c
[0.251s] -- Using all available rosidl_typesupport_cpp: rosidl_typesupport_fastrtps_cpp;rosidl_typesupport_introspection_cpp
[0.301s] -- Found rmw_implementation_cmake: 7.3.1 (/opt/ros/jazzy/share/rmw_implementation_cmake/cmake)
[0.303s] -- Found rmw_fastrtps_cpp: 8.4.1 (/opt/ros/jazzy/share/rmw_fastrtps_cpp/cmake)
[0.355s] -- Using RMW implementation 'rmw_fastrtps_cpp' as default
[0.407s] -- Found ament_lint_auto: 0.17.1 (/opt/ros/jazzy/share/ament_lint_auto/cmake)
[0.480s] -- Added test 'cppcheck' to perform static code analysis on C / C++ code
[0.480s] -- Configured cppcheck include dirs: 
[0.480s] -- Configured cppcheck exclude dirs and/or files: 
[0.480s] -- Added test 'lint_cmake' to check CMake code style
[0.481s] -- Added test 'uncrustify' to check C / C++ code style
[0.481s] -- Configured uncrustify additional arguments: 
[0.481s] -- Added test 'xmllint' to check XML markup files
[0.482s] -- Configuring done (0.5s)
[0.484s] [31mCMake Error at CMakeLists.txt:29 (add_executable):
[0.485s]   Cannot find source file:
[0.485s] 
[0.485s]     common/common_structs/common_structs.hpp
[0.485s] 
[0.485s]   Tried extensions .c .C .c++ .cc .cpp .cxx .cu .mpp .m .M .mm .ixx .cppm
[0.485s]   .ccm .cxxm .c++m .h .hh .h++ .hm .hpp .hxx .in .txx .f .F .for .f77 .f90
[0.485s]   .f95 .f03 .hip .ispc
[0.485s] 
[0.485s] [0m
[0.486s] [31mCMake Error at CMakeLists.txt:29 (add_executable):
[0.486s]   No SOURCES given to target: waveDriver
[0.486s] 
[0.486s] [0m
[0.486s] [0mCMake Generate step failed.  Build files cannot be regenerated correctly.[0m
[0.491s] gmake: *** [Makefile:267: cmake_check_build_system] Error 1
[0.494s] Invoked command in '/home/colmenasio/Personal/Proyects/Racing/aimai_test_env_beta/ros_pgks/build/example_nodes' returned '2': CMAKE_PREFIX_PATH=${CMAKE_PREFIX_PATH}:/opt/ros/jazzy DEBUGINFOD_URLS=https://debuginfod.ubuntu.com /usr/bin/cmake --build /home/colmenasio/Personal/Proyects/Racing/aimai_test_env_beta/ros_pgks/build/example_nodes -- -j16 -l16
