[0.168s] DEBUG:colcon:Command line arguments: ['/usr/bin/colcon', 'build', '--packages-select', 'godot_interfaces', 'clear']
[0.168s] DEBUG:colcon:Parsed command line arguments: Namespace(log_base=None, log_level=None, verb_name='build', build_base='build', install_base='install', merge_install=False, symlink_install=False, test_result_base=None, continue_on_error=False, executor='parallel', parallel_workers=16, event_handlers=None, ignore_user_meta=False, metas=['./colcon.meta'], base_paths=['.'], packages_ignore=None, packages_ignore_regex=None, paths=None, packages_up_to=None, packages_up_to_regex=None, packages_above=None, packages_above_and_dependencies=None, packages_above_depth=None, packages_select_by_dep=None, packages_skip_by_dep=None, packages_skip_up_to=None, packages_select_build_failed=False, packages_skip_build_finished=False, packages_select_test_failures=False, packages_skip_test_passed=False, packages_select=['godot_interfaces', 'clear'], packages_skip=None, packages_select_regex=None, packages_skip_regex=None, packages_start=None, packages_end=None, allow_overriding=[], cmake_args=None, cmake_target=None, cmake_target_skip_unavailable=False, cmake_clean_cache=False, cmake_clean_first=False, cmake_force_configure=False, ament_cmake_args=None, catkin_cmake_args=None, catkin_skip_building_tests=False, mixin_files=None, mixin=None, verb_parser=<colcon_mixin.mixin.mixin_argument.MixinArgumentDecorator object at 0x7c1de9689fa0>, verb_extension=<colcon_core.verb.build.BuildVerb object at 0x7c1de9689b50>, main=<bound method BuildVerb.main of <colcon_core.verb.build.BuildVerb object at 0x7c1de9689b50>>, mixin_verb=('build',))
[0.225s] Level 1:colcon.colcon_core.package_discovery:discover_packages(colcon_meta) check parameters
[0.225s] Level 1:colcon.colcon_core.package_discovery:discover_packages(recursive) check parameters
[0.225s] Level 1:colcon.colcon_core.package_discovery:discover_packages(ignore) check parameters
[0.225s] Level 1:colcon.colcon_core.package_discovery:discover_packages(path) check parameters
[0.225s] Level 1:colcon.colcon_core.package_discovery:discover_packages(colcon_meta) discover
[0.226s] Level 1:colcon.colcon_core.package_discovery:discover_packages(recursive) discover
[0.226s] INFO:colcon.colcon_core.package_discovery:Crawling recursively for packages in '/home/colmenasio/Personal/Proyects/Racing/aimai_test_env_beta/ros_pgks'
[0.226s] Level 1:colcon.colcon_core.package_identification:_identify(.) by extensions ['ignore', 'ignore_ament_install']
[0.226s] Level 1:colcon.colcon_core.package_identification:_identify(.) by extension 'ignore'
[0.226s] Level 1:colcon.colcon_core.package_identification:_identify(.) by extension 'ignore_ament_install'
[0.226s] Level 1:colcon.colcon_core.package_identification:_identify(.) by extensions ['colcon_pkg']
[0.226s] Level 1:colcon.colcon_core.package_identification:_identify(.) by extension 'colcon_pkg'
[0.226s] Level 1:colcon.colcon_core.package_identification:_identify(.) by extensions ['colcon_meta']
[0.226s] Level 1:colcon.colcon_core.package_identification:_identify(.) by extension 'colcon_meta'
[0.226s] Level 1:colcon.colcon_core.package_identification:_identify(.) by extensions ['ros']
[0.226s] Level 1:colcon.colcon_core.package_identification:_identify(.) by extension 'ros'
[0.266s] Level 1:colcon.colcon_core.package_identification:_identify(.) by extensions ['cmake', 'python']
[0.266s] Level 1:colcon.colcon_core.package_identification:_identify(.) by extension 'cmake'
[0.266s] Level 1:colcon.colcon_core.package_identification:_identify(.) by extension 'python'
[0.266s] Level 1:colcon.colcon_core.package_identification:_identify(.) by extensions ['python_setup_py']
[0.266s] Level 1:colcon.colcon_core.package_identification:_identify(.) by extension 'python_setup_py'
[0.266s] Level 1:colcon.colcon_core.package_identification:_identify(build) by extensions ['ignore', 'ignore_ament_install']
[0.266s] Level 1:colcon.colcon_core.package_identification:_identify(build) by extension 'ignore'
[0.267s] Level 1:colcon.colcon_core.package_identification:_identify(build) ignored
[0.267s] Level 1:colcon.colcon_core.package_identification:_identify(install) by extensions ['ignore', 'ignore_ament_install']
[0.267s] Level 1:colcon.colcon_core.package_identification:_identify(install) by extension 'ignore'
[0.267s] Level 1:colcon.colcon_core.package_identification:_identify(install) ignored
[0.267s] Level 1:colcon.colcon_core.package_identification:_identify(log) by extensions ['ignore', 'ignore_ament_install']
[0.268s] Level 1:colcon.colcon_core.package_identification:_identify(log) by extension 'ignore'
[0.268s] Level 1:colcon.colcon_core.package_identification:_identify(log) ignored
[0.268s] Level 1:colcon.colcon_core.package_identification:_identify(src) by extensions ['ignore', 'ignore_ament_install']
[0.268s] Level 1:colcon.colcon_core.package_identification:_identify(src) by extension 'ignore'
[0.268s] Level 1:colcon.colcon_core.package_identification:_identify(src) by extension 'ignore_ament_install'
[0.268s] Level 1:colcon.colcon_core.package_identification:_identify(src) by extensions ['colcon_pkg']
[0.268s] Level 1:colcon.colcon_core.package_identification:_identify(src) by extension 'colcon_pkg'
[0.268s] Level 1:colcon.colcon_core.package_identification:_identify(src) by extensions ['colcon_meta']
[0.268s] Level 1:colcon.colcon_core.package_identification:_identify(src) by extension 'colcon_meta'
[0.268s] Level 1:colcon.colcon_core.package_identification:_identify(src) by extensions ['ros']
[0.268s] Level 1:colcon.colcon_core.package_identification:_identify(src) by extension 'ros'
[0.269s] Level 1:colcon.colcon_core.package_identification:_identify(src) by extensions ['cmake', 'python']
[0.269s] Level 1:colcon.colcon_core.package_identification:_identify(src) by extension 'cmake'
[0.269s] Level 1:colcon.colcon_core.package_identification:_identify(src) by extension 'python'
[0.269s] Level 1:colcon.colcon_core.package_identification:_identify(src) by extensions ['python_setup_py']
[0.269s] Level 1:colcon.colcon_core.package_identification:_identify(src) by extension 'python_setup_py'
[0.269s] Level 1:colcon.colcon_core.package_identification:_identify(src/cpp_example_nodes) by extensions ['ignore', 'ignore_ament_install']
[0.269s] Level 1:colcon.colcon_core.package_identification:_identify(src/cpp_example_nodes) by extension 'ignore'
[0.269s] Level 1:colcon.colcon_core.package_identification:_identify(src/cpp_example_nodes) by extension 'ignore_ament_install'
[0.269s] Level 1:colcon.colcon_core.package_identification:_identify(src/cpp_example_nodes) by extensions ['colcon_pkg']
[0.269s] Level 1:colcon.colcon_core.package_identification:_identify(src/cpp_example_nodes) by extension 'colcon_pkg'
[0.269s] Level 1:colcon.colcon_core.package_identification:_identify(src/cpp_example_nodes) by extensions ['colcon_meta']
[0.269s] Level 1:colcon.colcon_core.package_identification:_identify(src/cpp_example_nodes) by extension 'colcon_meta'
[0.270s] Level 1:colcon.colcon_core.package_identification:_identify(src/cpp_example_nodes) by extensions ['ros']
[0.270s] Level 1:colcon.colcon_core.package_identification:_identify(src/cpp_example_nodes) by extension 'ros'
[0.273s] DEBUG:colcon.colcon_core.package_identification:Package 'src/cpp_example_nodes' with type 'ros.ament_cmake' and name 'cpp_example_nodes'
[0.273s] Level 1:colcon.colcon_core.package_identification:_identify(src/godot_interfaces) by extensions ['ignore', 'ignore_ament_install']
[0.273s] Level 1:colcon.colcon_core.package_identification:_identify(src/godot_interfaces) by extension 'ignore'
[0.274s] Level 1:colcon.colcon_core.package_identification:_identify(src/godot_interfaces) by extension 'ignore_ament_install'
[0.274s] Level 1:colcon.colcon_core.package_identification:_identify(src/godot_interfaces) by extensions ['colcon_pkg']
[0.274s] Level 1:colcon.colcon_core.package_identification:_identify(src/godot_interfaces) by extension 'colcon_pkg'
[0.274s] Level 1:colcon.colcon_core.package_identification:_identify(src/godot_interfaces) by extensions ['colcon_meta']
[0.274s] Level 1:colcon.colcon_core.package_identification:_identify(src/godot_interfaces) by extension 'colcon_meta'
[0.274s] Level 1:colcon.colcon_core.package_identification:_identify(src/godot_interfaces) by extensions ['ros']
[0.274s] Level 1:colcon.colcon_core.package_identification:_identify(src/godot_interfaces) by extension 'ros'
[0.275s] DEBUG:colcon.colcon_core.package_identification:Package 'src/godot_interfaces' with type 'ros.ament_cmake' and name 'godot_interfaces'
[0.275s] Level 1:colcon.colcon_core.package_discovery:discover_packages(recursive) using defaults
[0.275s] Level 1:colcon.colcon_core.package_discovery:discover_packages(ignore) discover
[0.275s] Level 1:colcon.colcon_core.package_discovery:discover_packages(ignore) using defaults
[0.275s] Level 1:colcon.colcon_core.package_discovery:discover_packages(path) discover
[0.275s] Level 1:colcon.colcon_core.package_discovery:discover_packages(path) using defaults
[0.275s] WARNING:colcon.colcon_core.package_selection:ignoring unknown package 'clear' in --packages-select
[0.302s] INFO:colcon.colcon_core.package_selection:Skipping not selected package 'cpp_example_nodes' in 'src/cpp_example_nodes'
[0.303s] Level 1:colcon.colcon_core.package_discovery:discover_packages(prefix_path) check parameters
[0.303s] Level 1:colcon.colcon_core.package_discovery:discover_packages(prefix_path) discover
[0.306s] DEBUG:colcon.colcon_installed_package_information.package_discovery:Found 3 installed packages in /home/colmenasio/Personal/Proyects/Racing/aimai_test_env_beta/ros_pgks/install
[0.308s] DEBUG:colcon.colcon_installed_package_information.package_discovery:Found 285 installed packages in /opt/ros/jazzy
[0.310s] Level 1:colcon.colcon_core.package_discovery:discover_packages(prefix_path) using defaults
[0.375s] Level 5:colcon.colcon_core.verb:set package 'godot_interfaces' build argument 'cmake_args' from command line to 'None'
[0.375s] Level 5:colcon.colcon_core.verb:set package 'godot_interfaces' build argument 'cmake_target' from command line to 'None'
[0.376s] Level 5:colcon.colcon_core.verb:set package 'godot_interfaces' build argument 'cmake_target_skip_unavailable' from command line to 'False'
[0.376s] Level 5:colcon.colcon_core.verb:set package 'godot_interfaces' build argument 'cmake_clean_cache' from command line to 'False'
[0.376s] Level 5:colcon.colcon_core.verb:set package 'godot_interfaces' build argument 'cmake_clean_first' from command line to 'False'
[0.376s] Level 5:colcon.colcon_core.verb:set package 'godot_interfaces' build argument 'cmake_force_configure' from command line to 'False'
[0.376s] Level 5:colcon.colcon_core.verb:set package 'godot_interfaces' build argument 'ament_cmake_args' from command line to 'None'
[0.376s] Level 5:colcon.colcon_core.verb:set package 'godot_interfaces' build argument 'catkin_cmake_args' from command line to 'None'
[0.376s] Level 5:colcon.colcon_core.verb:set package 'godot_interfaces' build argument 'catkin_skip_building_tests' from command line to 'False'
[0.376s] DEBUG:colcon.colcon_core.verb:Building package 'godot_interfaces' with the following arguments: {'ament_cmake_args': None, 'build_base': '/home/colmenasio/Personal/Proyects/Racing/aimai_test_env_beta/ros_pgks/build/godot_interfaces', 'catkin_cmake_args': None, 'catkin_skip_building_tests': False, 'cmake_args': None, 'cmake_clean_cache': False, 'cmake_clean_first': False, 'cmake_force_configure': False, 'cmake_target': None, 'cmake_target_skip_unavailable': False, 'install_base': '/home/colmenasio/Personal/Proyects/Racing/aimai_test_env_beta/ros_pgks/install/godot_interfaces', 'merge_install': False, 'path': '/home/colmenasio/Personal/Proyects/Racing/aimai_test_env_beta/ros_pgks/src/godot_interfaces', 'symlink_install': False, 'test_result_base': None}
[0.376s] INFO:colcon.colcon_core.executor:Executing jobs using 'parallel' executor
[0.377s] DEBUG:colcon.colcon_parallel_executor.executor.parallel:run_until_complete
[0.378s] INFO:colcon.colcon_ros.task.ament_cmake.build:Building ROS package in '/home/colmenasio/Personal/Proyects/Racing/aimai_test_env_beta/ros_pgks/src/godot_interfaces' with build type 'ament_cmake'
[0.378s] INFO:colcon.colcon_cmake.task.cmake.build:Building CMake package in '/home/colmenasio/Personal/Proyects/Racing/aimai_test_env_beta/ros_pgks/src/godot_interfaces'
[0.381s] INFO:colcon.colcon_core.plugin_system:Skipping extension 'colcon_core.shell.bat': Not used on non-Windows systems
[0.382s] INFO:colcon.colcon_core.shell:Skip shell extension 'powershell' for command environment: Not usable outside of PowerShell
[0.382s] DEBUG:colcon.colcon_core.shell:Skip shell extension 'dsv' for command environment
[0.396s] DEBUG:colcon.colcon_core.event_handler.log_command:Invoking command in '/home/colmenasio/Personal/Proyects/Racing/aimai_test_env_beta/ros_pgks/build/godot_interfaces': CMAKE_PREFIX_PATH=${CMAKE_PREFIX_PATH}:/opt/ros/jazzy DEBUGINFOD_URLS=https://debuginfod.ubuntu.com /usr/bin/cmake /home/colmenasio/Personal/Proyects/Racing/aimai_test_env_beta/ros_pgks/src/godot_interfaces -DCMAKE_INSTALL_PREFIX=/home/colmenasio/Personal/Proyects/Racing/aimai_test_env_beta/ros_pgks/install/godot_interfaces
[4.439s] DEBUG:colcon.colcon_core.event_handler.log_command:Invoked command in '/home/colmenasio/Personal/Proyects/Racing/aimai_test_env_beta/ros_pgks/build/godot_interfaces' returned '0': CMAKE_PREFIX_PATH=${CMAKE_PREFIX_PATH}:/opt/ros/jazzy DEBUGINFOD_URLS=https://debuginfod.ubuntu.com /usr/bin/cmake /home/colmenasio/Personal/Proyects/Racing/aimai_test_env_beta/ros_pgks/src/godot_interfaces -DCMAKE_INSTALL_PREFIX=/home/colmenasio/Personal/Proyects/Racing/aimai_test_env_beta/ros_pgks/install/godot_interfaces
[4.442s] DEBUG:colcon.colcon_core.event_handler.log_command:Invoking command in '/home/colmenasio/Personal/Proyects/Racing/aimai_test_env_beta/ros_pgks/build/godot_interfaces': CMAKE_PREFIX_PATH=${CMAKE_PREFIX_PATH}:/opt/ros/jazzy DEBUGINFOD_URLS=https://debuginfod.ubuntu.com /usr/bin/cmake --build /home/colmenasio/Personal/Proyects/Racing/aimai_test_env_beta/ros_pgks/build/godot_interfaces -- -j16 -l16
[8.155s] DEBUG:colcon.colcon_core.event_handler.log_command:Invoked command in '/home/colmenasio/Personal/Proyects/Racing/aimai_test_env_beta/ros_pgks/build/godot_interfaces' returned '0': CMAKE_PREFIX_PATH=${CMAKE_PREFIX_PATH}:/opt/ros/jazzy DEBUGINFOD_URLS=https://debuginfod.ubuntu.com /usr/bin/cmake --build /home/colmenasio/Personal/Proyects/Racing/aimai_test_env_beta/ros_pgks/build/godot_interfaces -- -j16 -l16
[8.335s] DEBUG:colcon.colcon_core.event_handler.log_command:Invoking command in '/home/colmenasio/Personal/Proyects/Racing/aimai_test_env_beta/ros_pgks/build/godot_interfaces': CMAKE_PREFIX_PATH=${CMAKE_PREFIX_PATH}:/opt/ros/jazzy DEBUGINFOD_URLS=https://debuginfod.ubuntu.com /usr/bin/cmake --install /home/colmenasio/Personal/Proyects/Racing/aimai_test_env_beta/ros_pgks/build/godot_interfaces
[8.468s] Level 1:colcon.colcon_core.environment:create_environment_scripts_only(godot_interfaces)
[8.470s] DEBUG:colcon.colcon_core.event_handler.log_command:Invoked command in '/home/colmenasio/Personal/Proyects/Racing/aimai_test_env_beta/ros_pgks/build/godot_interfaces' returned '0': CMAKE_PREFIX_PATH=${CMAKE_PREFIX_PATH}:/opt/ros/jazzy DEBUGINFOD_URLS=https://debuginfod.ubuntu.com /usr/bin/cmake --install /home/colmenasio/Personal/Proyects/Racing/aimai_test_env_beta/ros_pgks/build/godot_interfaces
[8.473s] Level 1:colcon.colcon_core.environment:checking '/home/colmenasio/Personal/Proyects/Racing/aimai_test_env_beta/ros_pgks/install/godot_interfaces' for CMake module files
[8.474s] Level 1:colcon.colcon_core.environment:checking '/home/colmenasio/Personal/Proyects/Racing/aimai_test_env_beta/ros_pgks/install/godot_interfaces' for CMake config files
[8.475s] Level 1:colcon.colcon_core.shell:create_environment_hook('godot_interfaces', 'cmake_prefix_path')
[8.475s] INFO:colcon.colcon_core.shell:Creating environment hook '/home/colmenasio/Personal/Proyects/Racing/aimai_test_env_beta/ros_pgks/install/godot_interfaces/share/godot_interfaces/hook/cmake_prefix_path.ps1'
[8.476s] INFO:colcon.colcon_core.shell:Creating environment descriptor '/home/colmenasio/Personal/Proyects/Racing/aimai_test_env_beta/ros_pgks/install/godot_interfaces/share/godot_interfaces/hook/cmake_prefix_path.dsv'
[8.477s] INFO:colcon.colcon_core.shell:Creating environment hook '/home/colmenasio/Personal/Proyects/Racing/aimai_test_env_beta/ros_pgks/install/godot_interfaces/share/godot_interfaces/hook/cmake_prefix_path.sh'
[8.478s] Level 1:colcon.colcon_core.environment:checking '/home/colmenasio/Personal/Proyects/Racing/aimai_test_env_beta/ros_pgks/install/godot_interfaces/lib'
[8.478s] Level 1:colcon.colcon_core.shell:create_environment_hook('godot_interfaces', 'ld_library_path_lib')
[8.478s] INFO:colcon.colcon_core.shell:Creating environment hook '/home/colmenasio/Personal/Proyects/Racing/aimai_test_env_beta/ros_pgks/install/godot_interfaces/share/godot_interfaces/hook/ld_library_path_lib.ps1'
[8.479s] INFO:colcon.colcon_core.shell:Creating environment descriptor '/home/colmenasio/Personal/Proyects/Racing/aimai_test_env_beta/ros_pgks/install/godot_interfaces/share/godot_interfaces/hook/ld_library_path_lib.dsv'
[8.480s] INFO:colcon.colcon_core.shell:Creating environment hook '/home/colmenasio/Personal/Proyects/Racing/aimai_test_env_beta/ros_pgks/install/godot_interfaces/share/godot_interfaces/hook/ld_library_path_lib.sh'
[8.480s] Level 1:colcon.colcon_core.environment:checking '/home/colmenasio/Personal/Proyects/Racing/aimai_test_env_beta/ros_pgks/install/godot_interfaces/bin'
[8.480s] Level 1:colcon.colcon_core.environment:checking '/home/colmenasio/Personal/Proyects/Racing/aimai_test_env_beta/ros_pgks/install/godot_interfaces/lib/pkgconfig/godot_interfaces.pc'
[8.481s] Level 1:colcon.colcon_core.environment:checking '/home/colmenasio/Personal/Proyects/Racing/aimai_test_env_beta/ros_pgks/install/godot_interfaces/lib/python3.12/site-packages'
[8.481s] Level 1:colcon.colcon_core.shell:create_environment_hook('godot_interfaces', 'pythonpath')
[8.481s] INFO:colcon.colcon_core.shell:Creating environment hook '/home/colmenasio/Personal/Proyects/Racing/aimai_test_env_beta/ros_pgks/install/godot_interfaces/share/godot_interfaces/hook/pythonpath.ps1'
[8.482s] INFO:colcon.colcon_core.shell:Creating environment descriptor '/home/colmenasio/Personal/Proyects/Racing/aimai_test_env_beta/ros_pgks/install/godot_interfaces/share/godot_interfaces/hook/pythonpath.dsv'
[8.482s] INFO:colcon.colcon_core.shell:Creating environment hook '/home/colmenasio/Personal/Proyects/Racing/aimai_test_env_beta/ros_pgks/install/godot_interfaces/share/godot_interfaces/hook/pythonpath.sh'
[8.483s] Level 1:colcon.colcon_core.environment:checking '/home/colmenasio/Personal/Proyects/Racing/aimai_test_env_beta/ros_pgks/install/godot_interfaces/bin'
[8.483s] INFO:colcon.colcon_core.shell:Creating package script '/home/colmenasio/Personal/Proyects/Racing/aimai_test_env_beta/ros_pgks/install/godot_interfaces/share/godot_interfaces/package.ps1'
[8.484s] INFO:colcon.colcon_core.shell:Creating package descriptor '/home/colmenasio/Personal/Proyects/Racing/aimai_test_env_beta/ros_pgks/install/godot_interfaces/share/godot_interfaces/package.dsv'
[8.485s] INFO:colcon.colcon_core.shell:Creating package script '/home/colmenasio/Personal/Proyects/Racing/aimai_test_env_beta/ros_pgks/install/godot_interfaces/share/godot_interfaces/package.sh'
[8.486s] INFO:colcon.colcon_core.shell:Creating package script '/home/colmenasio/Personal/Proyects/Racing/aimai_test_env_beta/ros_pgks/install/godot_interfaces/share/godot_interfaces/package.bash'
[8.487s] INFO:colcon.colcon_core.shell:Creating package script '/home/colmenasio/Personal/Proyects/Racing/aimai_test_env_beta/ros_pgks/install/godot_interfaces/share/godot_interfaces/package.zsh'
[8.488s] Level 1:colcon.colcon_core.environment:create_file_with_runtime_dependencies(/home/colmenasio/Personal/Proyects/Racing/aimai_test_env_beta/ros_pgks/install/godot_interfaces/share/colcon-core/packages/godot_interfaces)
[8.651s] Level 1:colcon.colcon_core.environment:create_environment_scripts_only(godot_interfaces)
[8.651s] Level 1:colcon.colcon_core.environment:checking '/home/colmenasio/Personal/Proyects/Racing/aimai_test_env_beta/ros_pgks/install/godot_interfaces' for CMake module files
[8.652s] Level 1:colcon.colcon_core.environment:checking '/home/colmenasio/Personal/Proyects/Racing/aimai_test_env_beta/ros_pgks/install/godot_interfaces' for CMake config files
[8.653s] Level 1:colcon.colcon_core.shell:create_environment_hook('godot_interfaces', 'cmake_prefix_path')
[8.654s] INFO:colcon.colcon_core.shell:Creating environment hook '/home/colmenasio/Personal/Proyects/Racing/aimai_test_env_beta/ros_pgks/install/godot_interfaces/share/godot_interfaces/hook/cmake_prefix_path.ps1'
[8.654s] INFO:colcon.colcon_core.shell:Creating environment descriptor '/home/colmenasio/Personal/Proyects/Racing/aimai_test_env_beta/ros_pgks/install/godot_interfaces/share/godot_interfaces/hook/cmake_prefix_path.dsv'
[8.655s] INFO:colcon.colcon_core.shell:Creating environment hook '/home/colmenasio/Personal/Proyects/Racing/aimai_test_env_beta/ros_pgks/install/godot_interfaces/share/godot_interfaces/hook/cmake_prefix_path.sh'
[8.656s] Level 1:colcon.colcon_core.environment:checking '/home/colmenasio/Personal/Proyects/Racing/aimai_test_env_beta/ros_pgks/install/godot_interfaces/lib'
[8.656s] Level 1:colcon.colcon_core.shell:create_environment_hook('godot_interfaces', 'ld_library_path_lib')
[8.656s] INFO:colcon.colcon_core.shell:Creating environment hook '/home/colmenasio/Personal/Proyects/Racing/aimai_test_env_beta/ros_pgks/install/godot_interfaces/share/godot_interfaces/hook/ld_library_path_lib.ps1'
[8.657s] INFO:colcon.colcon_core.shell:Creating environment descriptor '/home/colmenasio/Personal/Proyects/Racing/aimai_test_env_beta/ros_pgks/install/godot_interfaces/share/godot_interfaces/hook/ld_library_path_lib.dsv'
[8.658s] INFO:colcon.colcon_core.shell:Creating environment hook '/home/colmenasio/Personal/Proyects/Racing/aimai_test_env_beta/ros_pgks/install/godot_interfaces/share/godot_interfaces/hook/ld_library_path_lib.sh'
[8.658s] Level 1:colcon.colcon_core.environment:checking '/home/colmenasio/Personal/Proyects/Racing/aimai_test_env_beta/ros_pgks/install/godot_interfaces/bin'
[8.659s] Level 1:colcon.colcon_core.environment:checking '/home/colmenasio/Personal/Proyects/Racing/aimai_test_env_beta/ros_pgks/install/godot_interfaces/lib/pkgconfig/godot_interfaces.pc'
[8.659s] Level 1:colcon.colcon_core.environment:checking '/home/colmenasio/Personal/Proyects/Racing/aimai_test_env_beta/ros_pgks/install/godot_interfaces/lib/python3.12/site-packages'
[8.659s] Level 1:colcon.colcon_core.shell:create_environment_hook('godot_interfaces', 'pythonpath')
[8.659s] INFO:colcon.colcon_core.shell:Creating environment hook '/home/colmenasio/Personal/Proyects/Racing/aimai_test_env_beta/ros_pgks/install/godot_interfaces/share/godot_interfaces/hook/pythonpath.ps1'
[8.660s] INFO:colcon.colcon_core.shell:Creating environment descriptor '/home/colmenasio/Personal/Proyects/Racing/aimai_test_env_beta/ros_pgks/install/godot_interfaces/share/godot_interfaces/hook/pythonpath.dsv'
[8.661s] INFO:colcon.colcon_core.shell:Creating environment hook '/home/colmenasio/Personal/Proyects/Racing/aimai_test_env_beta/ros_pgks/install/godot_interfaces/share/godot_interfaces/hook/pythonpath.sh'
[8.662s] Level 1:colcon.colcon_core.environment:checking '/home/colmenasio/Personal/Proyects/Racing/aimai_test_env_beta/ros_pgks/install/godot_interfaces/bin'
[8.662s] INFO:colcon.colcon_core.shell:Creating package script '/home/colmenasio/Personal/Proyects/Racing/aimai_test_env_beta/ros_pgks/install/godot_interfaces/share/godot_interfaces/package.ps1'
[8.663s] INFO:colcon.colcon_core.shell:Creating package descriptor '/home/colmenasio/Personal/Proyects/Racing/aimai_test_env_beta/ros_pgks/install/godot_interfaces/share/godot_interfaces/package.dsv'
[8.664s] INFO:colcon.colcon_core.shell:Creating package script '/home/colmenasio/Personal/Proyects/Racing/aimai_test_env_beta/ros_pgks/install/godot_interfaces/share/godot_interfaces/package.sh'
[8.664s] INFO:colcon.colcon_core.shell:Creating package script '/home/colmenasio/Personal/Proyects/Racing/aimai_test_env_beta/ros_pgks/install/godot_interfaces/share/godot_interfaces/package.bash'
[8.665s] INFO:colcon.colcon_core.shell:Creating package script '/home/colmenasio/Personal/Proyects/Racing/aimai_test_env_beta/ros_pgks/install/godot_interfaces/share/godot_interfaces/package.zsh'
[8.666s] Level 1:colcon.colcon_core.environment:create_file_with_runtime_dependencies(/home/colmenasio/Personal/Proyects/Racing/aimai_test_env_beta/ros_pgks/install/godot_interfaces/share/colcon-core/packages/godot_interfaces)
[8.666s] DEBUG:colcon.colcon_parallel_executor.executor.parallel:closing loop
[8.667s] DEBUG:colcon.colcon_parallel_executor.executor.parallel:loop closed
[8.667s] DEBUG:colcon.colcon_parallel_executor.executor.parallel:run_until_complete finished with '0'
[8.667s] DEBUG:colcon.colcon_core.event_reactor:joining thread
[8.678s] INFO:colcon.colcon_core.plugin_system:Skipping extension 'colcon_notification.desktop_notification.terminal_notifier': Not used on non-Darwin systems
[8.679s] INFO:colcon.colcon_core.plugin_system:Skipping extension 'colcon_notification.desktop_notification.win32': Not used on non-Windows systems
[8.679s] INFO:colcon.colcon_notification.desktop_notification:Sending desktop notification using 'notify2'
[8.702s] DEBUG:colcon.colcon_core.event_reactor:joined thread
[8.702s] INFO:colcon.colcon_core.shell:Creating prefix script '/home/colmenasio/Personal/Proyects/Racing/aimai_test_env_beta/ros_pgks/install/local_setup.ps1'
[8.704s] INFO:colcon.colcon_core.shell:Creating prefix util module '/home/colmenasio/Personal/Proyects/Racing/aimai_test_env_beta/ros_pgks/install/_local_setup_util_ps1.py'
[8.706s] INFO:colcon.colcon_core.shell:Creating prefix chain script '/home/colmenasio/Personal/Proyects/Racing/aimai_test_env_beta/ros_pgks/install/setup.ps1'
[8.707s] INFO:colcon.colcon_core.shell:Creating prefix script '/home/colmenasio/Personal/Proyects/Racing/aimai_test_env_beta/ros_pgks/install/local_setup.sh'
[8.708s] INFO:colcon.colcon_core.shell:Creating prefix util module '/home/colmenasio/Personal/Proyects/Racing/aimai_test_env_beta/ros_pgks/install/_local_setup_util_sh.py'
[8.709s] INFO:colcon.colcon_core.shell:Creating prefix chain script '/home/colmenasio/Personal/Proyects/Racing/aimai_test_env_beta/ros_pgks/install/setup.sh'
[8.710s] INFO:colcon.colcon_core.shell:Creating prefix script '/home/colmenasio/Personal/Proyects/Racing/aimai_test_env_beta/ros_pgks/install/local_setup.bash'
[8.711s] INFO:colcon.colcon_core.shell:Creating prefix chain script '/home/colmenasio/Personal/Proyects/Racing/aimai_test_env_beta/ros_pgks/install/setup.bash'
[8.713s] INFO:colcon.colcon_core.shell:Creating prefix script '/home/colmenasio/Personal/Proyects/Racing/aimai_test_env_beta/ros_pgks/install/local_setup.zsh'
[8.714s] INFO:colcon.colcon_core.shell:Creating prefix chain script '/home/colmenasio/Personal/Proyects/Racing/aimai_test_env_beta/ros_pgks/install/setup.zsh'
