[ 50%] [32mBuilding CXX object CMakeFiles/waveDriver.dir/src/wave_driver.cpp.o[0m
[100%] [32m[1mLinking CXX executable waveDriver[0m
[100%] Built target waveDriver
-- Install configuration: ""
-- Installing: /home/colmenasio/Personal/Proyects/Racing/aimai_test_env_beta/ros_pgks/install/cpp_example_nodes/lib/cpp_example_nodes/waveDriver
-- Set non-toolchain portion of runtime path of "/home/colmenasio/Personal/Proyects/Racing/aimai_test_env_beta/ros_pgks/install/cpp_example_nodes/lib/cpp_example_nodes/waveDriver" to ""
-- Up-to-date: /home/colmenasio/Personal/Proyects/Racing/aimai_test_env_beta/ros_pgks/install/cpp_example_nodes/share/ament_index/resource_index/package_run_dependencies/cpp_example_nodes
-- Up-to-date: /home/colmenasio/Personal/Proyects/Racing/aimai_test_env_beta/ros_pgks/install/cpp_example_nodes/share/ament_index/resource_index/parent_prefix_path/cpp_example_nodes
-- Up-to-date: /home/colmenasio/Personal/Proyects/Racing/aimai_test_env_beta/ros_pgks/install/cpp_example_nodes/share/cpp_example_nodes/environment/ament_prefix_path.sh
-- Up-to-date: /home/colmenasio/Personal/Proyects/Racing/aimai_test_env_beta/ros_pgks/install/cpp_example_nodes/share/cpp_example_nodes/environment/ament_prefix_path.dsv
-- Up-to-date: /home/colmenasio/Personal/Proyects/Racing/aimai_test_env_beta/ros_pgks/install/cpp_example_nodes/share/cpp_example_nodes/environment/path.sh
-- Up-to-date: /home/colmenasio/Personal/Proyects/Racing/aimai_test_env_beta/ros_pgks/install/cpp_example_nodes/share/cpp_example_nodes/environment/path.dsv
-- Up-to-date: /home/colmenasio/Personal/Proyects/Racing/aimai_test_env_beta/ros_pgks/install/cpp_example_nodes/share/cpp_example_nodes/local_setup.bash
-- Up-to-date: /home/colmenasio/Personal/Proyects/Racing/aimai_test_env_beta/ros_pgks/install/cpp_example_nodes/share/cpp_example_nodes/local_setup.sh
-- Up-to-date: /home/colmenasio/Personal/Proyects/Racing/aimai_test_env_beta/ros_pgks/install/cpp_example_nodes/share/cpp_example_nodes/local_setup.zsh
-- Up-to-date: /home/colmenasio/Personal/Proyects/Racing/aimai_test_env_beta/ros_pgks/install/cpp_example_nodes/share/cpp_example_nodes/local_setup.dsv
-- Installing: /home/colmenasio/Personal/Proyects/Racing/aimai_test_env_beta/ros_pgks/install/cpp_example_nodes/share/cpp_example_nodes/package.dsv
-- Up-to-date: /home/colmenasio/Personal/Proyects/Racing/aimai_test_env_beta/ros_pgks/install/cpp_example_nodes/share/ament_index/resource_index/packages/cpp_example_nodes
-- Up-to-date: /home/colmenasio/Personal/Proyects/Racing/aimai_test_env_beta/ros_pgks/install/cpp_example_nodes/share/cpp_example_nodes/cmake/cpp_example_nodesConfig.cmake
-- Up-to-date: /home/colmenasio/Personal/Proyects/Racing/aimai_test_env_beta/ros_pgks/install/cpp_example_nodes/share/cpp_example_nodes/cmake/cpp_example_nodesConfig-version.cmake
-- Up-to-date: /home/colmenasio/Personal/Proyects/Racing/aimai_test_env_beta/ros_pgks/install/cpp_example_nodes/share/cpp_example_nodes/package.xml
