[0.009s] Invoking command in '/home/colmenasio/Personal/Proyects/Racing/aimai_test_env_beta/ros_pgks/build/cpp_example_nodes': CMAKE_PREFIX_PATH=${CMAKE_PREFIX_PATH}:/opt/ros/jazzy DEBUGINFOD_URLS=https://debuginfod.ubuntu.com /usr/bin/cmake --build /home/colmenasio/Personal/Proyects/Racing/aimai_test_env_beta/ros_pgks/build/cpp_example_nodes -- -j16 -l16
[0.061s] [ 50%] [32mBuilding CXX object CMakeFiles/waveDriver.dir/src/wave_driver.cpp.o[0m
[2.919s] [100%] [32m[1mLinking CXX executable waveDriver[0m
[3.019s] [100%] Built target waveDriver
[3.030s] Invoked command in '/home/colmenasio/Personal/Proyects/Racing/aimai_test_env_beta/ros_pgks/build/cpp_example_nodes' returned '0': CMAKE_PREFIX_PATH=${CMAKE_PREFIX_PATH}:/opt/ros/jazzy DEBUGINFOD_URLS=https://debuginfod.ubuntu.com /usr/bin/cmake --build /home/colmenasio/Personal/Proyects/Racing/aimai_test_env_beta/ros_pgks/build/cpp_example_nodes -- -j16 -l16
[3.060s] Invoking command in '/home/colmenasio/Personal/Proyects/Racing/aimai_test_env_beta/ros_pgks/build/cpp_example_nodes': CMAKE_PREFIX_PATH=${CMAKE_PREFIX_PATH}:/opt/ros/jazzy DEBUGINFOD_URLS=https://debuginfod.ubuntu.com /usr/bin/cmake --install /home/colmenasio/Personal/Proyects/Racing/aimai_test_env_beta/ros_pgks/build/cpp_example_nodes
[3.068s] -- Install configuration: ""
[3.068s] -- Installing: /home/colmenasio/Personal/Proyects/Racing/aimai_test_env_beta/ros_pgks/install/cpp_example_nodes/lib/cpp_example_nodes/waveDriver
[3.068s] -- Set non-toolchain portion of runtime path of "/home/colmenasio/Personal/Proyects/Racing/aimai_test_env_beta/ros_pgks/install/cpp_example_nodes/lib/cpp_example_nodes/waveDriver" to ""
[3.068s] -- Up-to-date: /home/colmenasio/Personal/Proyects/Racing/aimai_test_env_beta/ros_pgks/install/cpp_example_nodes/share/ament_index/resource_index/package_run_dependencies/cpp_example_nodes
[3.068s] -- Up-to-date: /home/colmenasio/Personal/Proyects/Racing/aimai_test_env_beta/ros_pgks/install/cpp_example_nodes/share/ament_index/resource_index/parent_prefix_path/cpp_example_nodes
[3.068s] -- Up-to-date: /home/colmenasio/Personal/Proyects/Racing/aimai_test_env_beta/ros_pgks/install/cpp_example_nodes/share/cpp_example_nodes/environment/ament_prefix_path.sh
[3.069s] -- Up-to-date: /home/colmenasio/Personal/Proyects/Racing/aimai_test_env_beta/ros_pgks/install/cpp_example_nodes/share/cpp_example_nodes/environment/ament_prefix_path.dsv
[3.069s] -- Up-to-date: /home/colmenasio/Personal/Proyects/Racing/aimai_test_env_beta/ros_pgks/install/cpp_example_nodes/share/cpp_example_nodes/environment/path.sh
[3.069s] -- Up-to-date: /home/colmenasio/Personal/Proyects/Racing/aimai_test_env_beta/ros_pgks/install/cpp_example_nodes/share/cpp_example_nodes/environment/path.dsv
[3.069s] -- Up-to-date: /home/colmenasio/Personal/Proyects/Racing/aimai_test_env_beta/ros_pgks/install/cpp_example_nodes/share/cpp_example_nodes/local_setup.bash
[3.069s] -- Up-to-date: /home/colmenasio/Personal/Proyects/Racing/aimai_test_env_beta/ros_pgks/install/cpp_example_nodes/share/cpp_example_nodes/local_setup.sh
[3.069s] -- Up-to-date: /home/colmenasio/Personal/Proyects/Racing/aimai_test_env_beta/ros_pgks/install/cpp_example_nodes/share/cpp_example_nodes/local_setup.zsh
[3.069s] -- Up-to-date: /home/colmenasio/Personal/Proyects/Racing/aimai_test_env_beta/ros_pgks/install/cpp_example_nodes/share/cpp_example_nodes/local_setup.dsv
[3.069s] -- Installing: /home/colmenasio/Personal/Proyects/Racing/aimai_test_env_beta/ros_pgks/install/cpp_example_nodes/share/cpp_example_nodes/package.dsv
[3.069s] -- Up-to-date: /home/colmenasio/Personal/Proyects/Racing/aimai_test_env_beta/ros_pgks/install/cpp_example_nodes/share/ament_index/resource_index/packages/cpp_example_nodes
[3.069s] -- Up-to-date: /home/colmenasio/Personal/Proyects/Racing/aimai_test_env_beta/ros_pgks/install/cpp_example_nodes/share/cpp_example_nodes/cmake/cpp_example_nodesConfig.cmake
[3.069s] -- Up-to-date: /home/colmenasio/Personal/Proyects/Racing/aimai_test_env_beta/ros_pgks/install/cpp_example_nodes/share/cpp_example_nodes/cmake/cpp_example_nodesConfig-version.cmake
[3.069s] -- Up-to-date: /home/colmenasio/Personal/Proyects/Racing/aimai_test_env_beta/ros_pgks/install/cpp_example_nodes/share/cpp_example_nodes/package.xml
[3.070s] Invoked command in '/home/colmenasio/Personal/Proyects/Racing/aimai_test_env_beta/ros_pgks/build/cpp_example_nodes' returned '0': CMAKE_PREFIX_PATH=${CMAKE_PREFIX_PATH}:/opt/ros/jazzy DEBUGINFOD_URLS=https://debuginfod.ubuntu.com /usr/bin/cmake --install /home/colmenasio/Personal/Proyects/Racing/aimai_test_env_beta/ros_pgks/build/cpp_example_nodes
