-- Found ament_cmake: 2.5.2 (/opt/ros/jazzy/share/ament_cmake/cmake)
-- Found rosidl_default_generators: 1.6.0 (/opt/ros/jazzy/share/rosidl_default_generators/cmake)
-- Using all available rosidl_typesupport_c: rosidl_typesupport_fastrtps_c;rosidl_typesupport_introspection_c
-- Using all available rosidl_typesupport_cpp: rosidl_typesupport_fastrtps_cpp;rosidl_typesupport_introspection_cpp
-- Found rosidl_adapter: 4.6.4 (/opt/ros/jazzy/share/rosidl_adapter/cmake)
-- Found ament_lint_auto: 0.17.1 (/opt/ros/jazzy/share/ament_lint_auto/cmake)
-- Found ament_cmake_ros: 0.12.0 (/opt/ros/jazzy/share/ament_cmake_ros/cmake)
-- Using all available rosidl_typesupport_c: rosidl_typesupport_fastrtps_c;rosidl_typesupport_introspection_c
-- Using all available rosidl_typesupport_cpp: rosidl_typesupport_fastrtps_cpp;rosidl_typesupport_introspection_cpp
-- Found python_cmake_module: 0.11.1 (/opt/ros/jazzy/share/python_cmake_module/cmake)
-- Found PythonExtra: /usr/bin/python3  
-- Found Python3: /usr/bin/python3 (found version "3.12.3") found components: Interpreter Development NumPy Development.Module Development.Embed 
-- Added test 'lint_cmake' to check CMake code style
-- Added test 'xmllint' to check XML markup files
-- Configuring done (4.0s)
-- Generating done (0.1s)
-- Build files have been written to: /home/colmenasio/Personal/Proyects/Racing/aimai_test_env_beta/ros_pgks/build/godot_interfaces
[  2%] [34m[1mGenerating type hashes for ROS interfaces[0m
[  2%] Built target ament_cmake_python_copy_godot_interfaces
[  2%] Built target godot_interfaces__rosidl_generator_type_description
[  4%] [34m[1mGenerating C code for ROS interfaces[0m
running egg_info
[  6%] [34m[1mGenerating C++ code for ROS interfaces[0m
creating godot_interfaces.egg-info
writing godot_interfaces.egg-info/PKG-INFO
writing dependency_links to godot_interfaces.egg-info/dependency_links.txt
writing top-level names to godot_interfaces.egg-info/top_level.txt
writing manifest file 'godot_interfaces.egg-info/SOURCES.txt'
reading manifest file 'godot_interfaces.egg-info/SOURCES.txt'
writing manifest file 'godot_interfaces.egg-info/SOURCES.txt'
[  6%] Built target ament_cmake_python_build_godot_interfaces_egg
[  6%] Built target godot_interfaces__cpp
[ 11%] [32mBuilding C object CMakeFiles/godot_interfaces__rosidl_generator_c.dir/rosidl_generator_c/godot_interfaces/msg/detail/rrc_command__functions.c.o[0m
[ 11%] [32mBuilding C object CMakeFiles/godot_interfaces__rosidl_generator_c.dir/rosidl_generator_c/godot_interfaces/msg/detail/rrc_command__description.c.o[0m
[ 13%] [32mBuilding C object CMakeFiles/godot_interfaces__rosidl_generator_c.dir/rosidl_generator_c/godot_interfaces/msg/detail/rrc_command__type_support.c.o[0m
[ 15%] [32mBuilding C object CMakeFiles/godot_interfaces__rosidl_generator_c.dir/rosidl_generator_c/godot_interfaces/msg/detail/rrc_position__description.c.o[0m
[ 20%] [32mBuilding C object CMakeFiles/godot_interfaces__rosidl_generator_c.dir/rosidl_generator_c/godot_interfaces/msg/detail/rrc_position__functions.c.o[0m
[ 20%] [32mBuilding C object CMakeFiles/godot_interfaces__rosidl_generator_c.dir/rosidl_generator_c/godot_interfaces/msg/detail/rrc_position__type_support.c.o[0m
[ 22%] [32m[1mLinking C shared library libgodot_interfaces__rosidl_generator_c.so[0m
[ 22%] Built target godot_interfaces__rosidl_generator_c
[ 29%] [34m[1mGenerating C++ type support dispatch for ROS interfaces[0m
[ 29%] [34m[1mGenerating C++ introspection for ROS interfaces[0m
[ 29%] [34m[1mGenerating C++ type support for eProsima Fast-RTPS[0m
[ 34%] [34m[1mGenerating C introspection for ROS interfaces[0m
[ 34%] [34m[1mGenerating C type support for eProsima Fast-RTPS[0m
[ 36%] [34m[1mGenerating C type support dispatch for ROS interfaces[0m
[ 38%] [32mBuilding CXX object CMakeFiles/godot_interfaces__rosidl_typesupport_c.dir/rosidl_typesupport_c/godot_interfaces/msg/rrc_command__type_support.cpp.o[0m
[ 40%] [32mBuilding CXX object CMakeFiles/godot_interfaces__rosidl_typesupport_c.dir/rosidl_typesupport_c/godot_interfaces/msg/rrc_position__type_support.cpp.o[0m
[ 43%] [32mBuilding CXX object CMakeFiles/godot_interfaces__rosidl_typesupport_cpp.dir/rosidl_typesupport_cpp/godot_interfaces/msg/rrc_command__type_support.cpp.o[0m
[ 45%] [32mBuilding CXX object CMakeFiles/godot_interfaces__rosidl_typesupport_cpp.dir/rosidl_typesupport_cpp/godot_interfaces/msg/rrc_position__type_support.cpp.o[0m
[ 47%] [32mBuilding CXX object CMakeFiles/godot_interfaces__rosidl_typesupport_introspection_cpp.dir/rosidl_typesupport_introspection_cpp/godot_interfaces/msg/detail/rrc_command__type_support.cpp.o[0m
[ 50%] [32mBuilding CXX object CMakeFiles/godot_interfaces__rosidl_typesupport_introspection_cpp.dir/rosidl_typesupport_introspection_cpp/godot_interfaces/msg/detail/rrc_position__type_support.cpp.o[0m
[ 52%] [32mBuilding C object CMakeFiles/godot_interfaces__rosidl_typesupport_introspection_c.dir/rosidl_typesupport_introspection_c/godot_interfaces/msg/detail/rrc_command__type_support.c.o[0m
[ 54%] [32mBuilding C object CMakeFiles/godot_interfaces__rosidl_typesupport_introspection_c.dir/rosidl_typesupport_introspection_c/godot_interfaces/msg/detail/rrc_position__type_support.c.o[0m
[ 56%] [32mBuilding CXX object CMakeFiles/godot_interfaces__rosidl_typesupport_fastrtps_cpp.dir/rosidl_typesupport_fastrtps_cpp/godot_interfaces/msg/detail/dds_fastrtps/rrc_command__type_support.cpp.o[0m
[ 59%] [32mBuilding CXX object CMakeFiles/godot_interfaces__rosidl_typesupport_fastrtps_cpp.dir/rosidl_typesupport_fastrtps_cpp/godot_interfaces/msg/detail/dds_fastrtps/rrc_position__type_support.cpp.o[0m
[ 61%] [32mBuilding CXX object CMakeFiles/godot_interfaces__rosidl_typesupport_fastrtps_c.dir/rosidl_typesupport_fastrtps_c/godot_interfaces/msg/detail/rrc_command__type_support_c.cpp.o[0m
[ 63%] [32mBuilding CXX object CMakeFiles/godot_interfaces__rosidl_typesupport_fastrtps_c.dir/rosidl_typesupport_fastrtps_c/godot_interfaces/msg/detail/rrc_position__type_support_c.cpp.o[0m
[ 65%] [32m[1mLinking CXX shared library libgodot_interfaces__rosidl_typesupport_c.so[0m
[ 68%] [32m[1mLinking C shared library libgodot_interfaces__rosidl_typesupport_introspection_c.so[0m
[ 68%] Built target godot_interfaces__rosidl_typesupport_introspection_c
[ 68%] Built target godot_interfaces__rosidl_typesupport_c
[ 70%] [32m[1mLinking CXX shared library libgodot_interfaces__rosidl_typesupport_introspection_cpp.so[0m
[ 72%] [32m[1mLinking CXX shared library libgodot_interfaces__rosidl_typesupport_cpp.so[0m
[ 72%] Built target godot_interfaces__rosidl_typesupport_cpp
[ 72%] Built target godot_interfaces__rosidl_typesupport_introspection_cpp
[ 75%] [32m[1mLinking CXX shared library libgodot_interfaces__rosidl_typesupport_fastrtps_cpp.so[0m
[ 77%] [32m[1mLinking CXX shared library libgodot_interfaces__rosidl_typesupport_fastrtps_c.so[0m
[ 77%] Built target godot_interfaces__rosidl_typesupport_fastrtps_cpp
[ 77%] Built target godot_interfaces__rosidl_typesupport_fastrtps_c
[ 77%] Built target godot_interfaces
[ 79%] [34m[1mGenerating Python code for ROS interfaces[0m
[ 79%] Built target godot_interfaces__py
[ 84%] [32mBuilding C object CMakeFiles/godot_interfaces__rosidl_generator_py.dir/rosidl_generator_py/godot_interfaces/msg/_rrc_command_s.c.o[0m
[ 84%] [32mBuilding C object CMakeFiles/godot_interfaces__rosidl_generator_py.dir/rosidl_generator_py/godot_interfaces/msg/_rrc_position_s.c.o[0m
[ 86%] [32m[1mLinking C shared library libgodot_interfaces__rosidl_generator_py.so[0m
[ 86%] Built target godot_interfaces__rosidl_generator_py
[ 93%] [32mBuilding C object CMakeFiles/godot_interfaces_s__rosidl_typesupport_c.dir/rosidl_generator_py/godot_interfaces/_godot_interfaces_s.ep.rosidl_typesupport_c.c.o[0m
[ 93%] [32mBuilding C object CMakeFiles/godot_interfaces_s__rosidl_typesupport_introspection_c.dir/rosidl_generator_py/godot_interfaces/_godot_interfaces_s.ep.rosidl_typesupport_introspection_c.c.o[0m
[ 93%] [32mBuilding C object CMakeFiles/godot_interfaces_s__rosidl_typesupport_fastrtps_c.dir/rosidl_generator_py/godot_interfaces/_godot_interfaces_s.ep.rosidl_typesupport_fastrtps_c.c.o[0m
[ 97%] [32m[1mLinking C shared module rosidl_generator_py/godot_interfaces/godot_interfaces_s__rosidl_typesupport_c.so[0m
[ 97%] [32m[1mLinking C shared module rosidl_generator_py/godot_interfaces/godot_interfaces_s__rosidl_typesupport_introspection_c.so[0m
[100%] [32m[1mLinking C shared module rosidl_generator_py/godot_interfaces/godot_interfaces_s__rosidl_typesupport_fastrtps_c.so[0m
[100%] Built target godot_interfaces_s__rosidl_typesupport_introspection_c
[100%] Built target godot_interfaces_s__rosidl_typesupport_c
[100%] Built target godot_interfaces_s__rosidl_typesupport_fastrtps_c
-- Install configuration: ""
-- Installing: /home/colmenasio/Personal/Proyects/Racing/aimai_test_env_beta/ros_pgks/install/godot_interfaces/share/ament_index/resource_index/rosidl_interfaces/godot_interfaces
-- Installing: /home/colmenasio/Personal/Proyects/Racing/aimai_test_env_beta/ros_pgks/install/godot_interfaces/share/godot_interfaces/msg/RRCCommand.json
-- Installing: /home/colmenasio/Personal/Proyects/Racing/aimai_test_env_beta/ros_pgks/install/godot_interfaces/share/godot_interfaces/msg/RRCPosition.json
-- Installing: /home/colmenasio/Personal/Proyects/Racing/aimai_test_env_beta/ros_pgks/install/godot_interfaces/include/godot_interfaces/godot_interfaces
-- Installing: /home/colmenasio/Personal/Proyects/Racing/aimai_test_env_beta/ros_pgks/install/godot_interfaces/include/godot_interfaces/godot_interfaces/msg
-- Installing: /home/colmenasio/Personal/Proyects/Racing/aimai_test_env_beta/ros_pgks/install/godot_interfaces/include/godot_interfaces/godot_interfaces/msg/rosidl_generator_c__visibility_control.h
-- Installing: /home/colmenasio/Personal/Proyects/Racing/aimai_test_env_beta/ros_pgks/install/godot_interfaces/include/godot_interfaces/godot_interfaces/msg/detail
-- Installing: /home/colmenasio/Personal/Proyects/Racing/aimai_test_env_beta/ros_pgks/install/godot_interfaces/include/godot_interfaces/godot_interfaces/msg/detail/rrc_command__type_support.h
-- Installing: /home/colmenasio/Personal/Proyects/Racing/aimai_test_env_beta/ros_pgks/install/godot_interfaces/include/godot_interfaces/godot_interfaces/msg/detail/rrc_command__functions.c
-- Installing: /home/colmenasio/Personal/Proyects/Racing/aimai_test_env_beta/ros_pgks/install/godot_interfaces/include/godot_interfaces/godot_interfaces/msg/detail/rrc_position__type_support.h
-- Installing: /home/colmenasio/Personal/Proyects/Racing/aimai_test_env_beta/ros_pgks/install/godot_interfaces/include/godot_interfaces/godot_interfaces/msg/detail/rrc_position__struct.h
-- Installing: /home/colmenasio/Personal/Proyects/Racing/aimai_test_env_beta/ros_pgks/install/godot_interfaces/include/godot_interfaces/godot_interfaces/msg/detail/rrc_command__functions.h
-- Installing: /home/colmenasio/Personal/Proyects/Racing/aimai_test_env_beta/ros_pgks/install/godot_interfaces/include/godot_interfaces/godot_interfaces/msg/detail/rrc_position__functions.h
-- Installing: /home/colmenasio/Personal/Proyects/Racing/aimai_test_env_beta/ros_pgks/install/godot_interfaces/include/godot_interfaces/godot_interfaces/msg/detail/rrc_position__type_support.c
-- Installing: /home/colmenasio/Personal/Proyects/Racing/aimai_test_env_beta/ros_pgks/install/godot_interfaces/include/godot_interfaces/godot_interfaces/msg/detail/rrc_position__description.c
-- Installing: /home/colmenasio/Personal/Proyects/Racing/aimai_test_env_beta/ros_pgks/install/godot_interfaces/include/godot_interfaces/godot_interfaces/msg/detail/rrc_position__functions.c
-- Installing: /home/colmenasio/Personal/Proyects/Racing/aimai_test_env_beta/ros_pgks/install/godot_interfaces/include/godot_interfaces/godot_interfaces/msg/detail/rrc_command__struct.h
-- Installing: /home/colmenasio/Personal/Proyects/Racing/aimai_test_env_beta/ros_pgks/install/godot_interfaces/include/godot_interfaces/godot_interfaces/msg/detail/rrc_command__type_support.c
-- Installing: /home/colmenasio/Personal/Proyects/Racing/aimai_test_env_beta/ros_pgks/install/godot_interfaces/include/godot_interfaces/godot_interfaces/msg/detail/rrc_command__description.c
-- Installing: /home/colmenasio/Personal/Proyects/Racing/aimai_test_env_beta/ros_pgks/install/godot_interfaces/include/godot_interfaces/godot_interfaces/msg/rrc_position.h
-- Installing: /home/colmenasio/Personal/Proyects/Racing/aimai_test_env_beta/ros_pgks/install/godot_interfaces/include/godot_interfaces/godot_interfaces/msg/rrc_command.h
-- Installing: /home/colmenasio/Personal/Proyects/Racing/aimai_test_env_beta/ros_pgks/install/godot_interfaces/share/godot_interfaces/environment/library_path.sh
-- Installing: /home/colmenasio/Personal/Proyects/Racing/aimai_test_env_beta/ros_pgks/install/godot_interfaces/share/godot_interfaces/environment/library_path.dsv
-- Installing: /home/colmenasio/Personal/Proyects/Racing/aimai_test_env_beta/ros_pgks/install/godot_interfaces/lib/libgodot_interfaces__rosidl_generator_c.so
-- Set non-toolchain portion of runtime path of "/home/colmenasio/Personal/Proyects/Racing/aimai_test_env_beta/ros_pgks/install/godot_interfaces/lib/libgodot_interfaces__rosidl_generator_c.so" to ""
-- Up-to-date: /home/colmenasio/Personal/Proyects/Racing/aimai_test_env_beta/ros_pgks/install/godot_interfaces/include/godot_interfaces/godot_interfaces
-- Up-to-date: /home/colmenasio/Personal/Proyects/Racing/aimai_test_env_beta/ros_pgks/install/godot_interfaces/include/godot_interfaces/godot_interfaces/msg
-- Installing: /home/colmenasio/Personal/Proyects/Racing/aimai_test_env_beta/ros_pgks/install/godot_interfaces/include/godot_interfaces/godot_interfaces/msg/rosidl_typesupport_fastrtps_c__visibility_control.h
-- Up-to-date: /home/colmenasio/Personal/Proyects/Racing/aimai_test_env_beta/ros_pgks/install/godot_interfaces/include/godot_interfaces/godot_interfaces/msg/detail
-- Installing: /home/colmenasio/Personal/Proyects/Racing/aimai_test_env_beta/ros_pgks/install/godot_interfaces/include/godot_interfaces/godot_interfaces/msg/detail/rrc_position__rosidl_typesupport_fastrtps_c.h
-- Installing: /home/colmenasio/Personal/Proyects/Racing/aimai_test_env_beta/ros_pgks/install/godot_interfaces/include/godot_interfaces/godot_interfaces/msg/detail/rrc_command__rosidl_typesupport_fastrtps_c.h
-- Installing: /home/colmenasio/Personal/Proyects/Racing/aimai_test_env_beta/ros_pgks/install/godot_interfaces/lib/libgodot_interfaces__rosidl_typesupport_fastrtps_c.so
-- Set non-toolchain portion of runtime path of "/home/colmenasio/Personal/Proyects/Racing/aimai_test_env_beta/ros_pgks/install/godot_interfaces/lib/libgodot_interfaces__rosidl_typesupport_fastrtps_c.so" to ""
-- Up-to-date: /home/colmenasio/Personal/Proyects/Racing/aimai_test_env_beta/ros_pgks/install/godot_interfaces/include/godot_interfaces/godot_interfaces
-- Up-to-date: /home/colmenasio/Personal/Proyects/Racing/aimai_test_env_beta/ros_pgks/install/godot_interfaces/include/godot_interfaces/godot_interfaces/msg
-- Installing: /home/colmenasio/Personal/Proyects/Racing/aimai_test_env_beta/ros_pgks/install/godot_interfaces/include/godot_interfaces/godot_interfaces/msg/rosidl_typesupport_introspection_c__visibility_control.h
-- Up-to-date: /home/colmenasio/Personal/Proyects/Racing/aimai_test_env_beta/ros_pgks/install/godot_interfaces/include/godot_interfaces/godot_interfaces/msg/detail
-- Up-to-date: /home/colmenasio/Personal/Proyects/Racing/aimai_test_env_beta/ros_pgks/install/godot_interfaces/include/godot_interfaces/godot_interfaces/msg/detail/rrc_position__type_support.c
-- Installing: /home/colmenasio/Personal/Proyects/Racing/aimai_test_env_beta/ros_pgks/install/godot_interfaces/include/godot_interfaces/godot_interfaces/msg/detail/rrc_position__rosidl_typesupport_introspection_c.h
-- Up-to-date: /home/colmenasio/Personal/Proyects/Racing/aimai_test_env_beta/ros_pgks/install/godot_interfaces/include/godot_interfaces/godot_interfaces/msg/detail/rrc_command__type_support.c
-- Installing: /home/colmenasio/Personal/Proyects/Racing/aimai_test_env_beta/ros_pgks/install/godot_interfaces/include/godot_interfaces/godot_interfaces/msg/detail/rrc_command__rosidl_typesupport_introspection_c.h
-- Installing: /home/colmenasio/Personal/Proyects/Racing/aimai_test_env_beta/ros_pgks/install/godot_interfaces/lib/libgodot_interfaces__rosidl_typesupport_introspection_c.so
-- Set non-toolchain portion of runtime path of "/home/colmenasio/Personal/Proyects/Racing/aimai_test_env_beta/ros_pgks/install/godot_interfaces/lib/libgodot_interfaces__rosidl_typesupport_introspection_c.so" to ""
-- Installing: /home/colmenasio/Personal/Proyects/Racing/aimai_test_env_beta/ros_pgks/install/godot_interfaces/lib/libgodot_interfaces__rosidl_typesupport_c.so
-- Set non-toolchain portion of runtime path of "/home/colmenasio/Personal/Proyects/Racing/aimai_test_env_beta/ros_pgks/install/godot_interfaces/lib/libgodot_interfaces__rosidl_typesupport_c.so" to ""
-- Up-to-date: /home/colmenasio/Personal/Proyects/Racing/aimai_test_env_beta/ros_pgks/install/godot_interfaces/include/godot_interfaces/godot_interfaces
-- Up-to-date: /home/colmenasio/Personal/Proyects/Racing/aimai_test_env_beta/ros_pgks/install/godot_interfaces/include/godot_interfaces/godot_interfaces/msg
-- Up-to-date: /home/colmenasio/Personal/Proyects/Racing/aimai_test_env_beta/ros_pgks/install/godot_interfaces/include/godot_interfaces/godot_interfaces/msg/detail
-- Installing: /home/colmenasio/Personal/Proyects/Racing/aimai_test_env_beta/ros_pgks/install/godot_interfaces/include/godot_interfaces/godot_interfaces/msg/detail/rrc_command__traits.hpp
-- Installing: /home/colmenasio/Personal/Proyects/Racing/aimai_test_env_beta/ros_pgks/install/godot_interfaces/include/godot_interfaces/godot_interfaces/msg/detail/rrc_command__type_support.hpp
-- Installing: /home/colmenasio/Personal/Proyects/Racing/aimai_test_env_beta/ros_pgks/install/godot_interfaces/include/godot_interfaces/godot_interfaces/msg/detail/rrc_command__struct.hpp
-- Installing: /home/colmenasio/Personal/Proyects/Racing/aimai_test_env_beta/ros_pgks/install/godot_interfaces/include/godot_interfaces/godot_interfaces/msg/detail/rrc_position__type_support.hpp
-- Installing: /home/colmenasio/Personal/Proyects/Racing/aimai_test_env_beta/ros_pgks/install/godot_interfaces/include/godot_interfaces/godot_interfaces/msg/detail/rrc_position__builder.hpp
-- Installing: /home/colmenasio/Personal/Proyects/Racing/aimai_test_env_beta/ros_pgks/install/godot_interfaces/include/godot_interfaces/godot_interfaces/msg/detail/rrc_position__struct.hpp
-- Installing: /home/colmenasio/Personal/Proyects/Racing/aimai_test_env_beta/ros_pgks/install/godot_interfaces/include/godot_interfaces/godot_interfaces/msg/detail/rrc_position__traits.hpp
-- Installing: /home/colmenasio/Personal/Proyects/Racing/aimai_test_env_beta/ros_pgks/install/godot_interfaces/include/godot_interfaces/godot_interfaces/msg/detail/rrc_command__builder.hpp
-- Installing: /home/colmenasio/Personal/Proyects/Racing/aimai_test_env_beta/ros_pgks/install/godot_interfaces/include/godot_interfaces/godot_interfaces/msg/rrc_position.hpp
-- Installing: /home/colmenasio/Personal/Proyects/Racing/aimai_test_env_beta/ros_pgks/install/godot_interfaces/include/godot_interfaces/godot_interfaces/msg/rrc_command.hpp
-- Installing: /home/colmenasio/Personal/Proyects/Racing/aimai_test_env_beta/ros_pgks/install/godot_interfaces/include/godot_interfaces/godot_interfaces/msg/rosidl_generator_cpp__visibility_control.hpp
-- Up-to-date: /home/colmenasio/Personal/Proyects/Racing/aimai_test_env_beta/ros_pgks/install/godot_interfaces/include/godot_interfaces/godot_interfaces
-- Up-to-date: /home/colmenasio/Personal/Proyects/Racing/aimai_test_env_beta/ros_pgks/install/godot_interfaces/include/godot_interfaces/godot_interfaces/msg
-- Installing: /home/colmenasio/Personal/Proyects/Racing/aimai_test_env_beta/ros_pgks/install/godot_interfaces/include/godot_interfaces/godot_interfaces/msg/rosidl_typesupport_fastrtps_cpp__visibility_control.h
-- Up-to-date: /home/colmenasio/Personal/Proyects/Racing/aimai_test_env_beta/ros_pgks/install/godot_interfaces/include/godot_interfaces/godot_interfaces/msg/detail
-- Installing: /home/colmenasio/Personal/Proyects/Racing/aimai_test_env_beta/ros_pgks/install/godot_interfaces/include/godot_interfaces/godot_interfaces/msg/detail/dds_fastrtps
-- Installing: /home/colmenasio/Personal/Proyects/Racing/aimai_test_env_beta/ros_pgks/install/godot_interfaces/include/godot_interfaces/godot_interfaces/msg/detail/rrc_command__rosidl_typesupport_fastrtps_cpp.hpp
-- Installing: /home/colmenasio/Personal/Proyects/Racing/aimai_test_env_beta/ros_pgks/install/godot_interfaces/include/godot_interfaces/godot_interfaces/msg/detail/rrc_position__rosidl_typesupport_fastrtps_cpp.hpp
-- Installing: /home/colmenasio/Personal/Proyects/Racing/aimai_test_env_beta/ros_pgks/install/godot_interfaces/lib/libgodot_interfaces__rosidl_typesupport_fastrtps_cpp.so
-- Set non-toolchain portion of runtime path of "/home/colmenasio/Personal/Proyects/Racing/aimai_test_env_beta/ros_pgks/install/godot_interfaces/lib/libgodot_interfaces__rosidl_typesupport_fastrtps_cpp.so" to ""
-- Up-to-date: /home/colmenasio/Personal/Proyects/Racing/aimai_test_env_beta/ros_pgks/install/godot_interfaces/include/godot_interfaces/godot_interfaces
-- Up-to-date: /home/colmenasio/Personal/Proyects/Racing/aimai_test_env_beta/ros_pgks/install/godot_interfaces/include/godot_interfaces/godot_interfaces/msg
-- Up-to-date: /home/colmenasio/Personal/Proyects/Racing/aimai_test_env_beta/ros_pgks/install/godot_interfaces/include/godot_interfaces/godot_interfaces/msg/detail
-- Installing: /home/colmenasio/Personal/Proyects/Racing/aimai_test_env_beta/ros_pgks/install/godot_interfaces/include/godot_interfaces/godot_interfaces/msg/detail/rrc_command__type_support.cpp
-- Installing: /home/colmenasio/Personal/Proyects/Racing/aimai_test_env_beta/ros_pgks/install/godot_interfaces/include/godot_interfaces/godot_interfaces/msg/detail/rrc_position__rosidl_typesupport_introspection_cpp.hpp
-- Installing: /home/colmenasio/Personal/Proyects/Racing/aimai_test_env_beta/ros_pgks/install/godot_interfaces/include/godot_interfaces/godot_interfaces/msg/detail/rrc_position__type_support.cpp
-- Installing: /home/colmenasio/Personal/Proyects/Racing/aimai_test_env_beta/ros_pgks/install/godot_interfaces/include/godot_interfaces/godot_interfaces/msg/detail/rrc_command__rosidl_typesupport_introspection_cpp.hpp
-- Installing: /home/colmenasio/Personal/Proyects/Racing/aimai_test_env_beta/ros_pgks/install/godot_interfaces/lib/libgodot_interfaces__rosidl_typesupport_introspection_cpp.so
-- Set non-toolchain portion of runtime path of "/home/colmenasio/Personal/Proyects/Racing/aimai_test_env_beta/ros_pgks/install/godot_interfaces/lib/libgodot_interfaces__rosidl_typesupport_introspection_cpp.so" to ""
-- Installing: /home/colmenasio/Personal/Proyects/Racing/aimai_test_env_beta/ros_pgks/install/godot_interfaces/lib/libgodot_interfaces__rosidl_typesupport_cpp.so
-- Set non-toolchain portion of runtime path of "/home/colmenasio/Personal/Proyects/Racing/aimai_test_env_beta/ros_pgks/install/godot_interfaces/lib/libgodot_interfaces__rosidl_typesupport_cpp.so" to ""
-- Installing: /home/colmenasio/Personal/Proyects/Racing/aimai_test_env_beta/ros_pgks/install/godot_interfaces/share/godot_interfaces/environment/pythonpath.sh
-- Installing: /home/colmenasio/Personal/Proyects/Racing/aimai_test_env_beta/ros_pgks/install/godot_interfaces/share/godot_interfaces/environment/pythonpath.dsv
-- Installing: /home/colmenasio/Personal/Proyects/Racing/aimai_test_env_beta/ros_pgks/install/godot_interfaces/lib/python3.12/site-packages/godot_interfaces-0.0.0-py3.12.egg-info
-- Installing: /home/colmenasio/Personal/Proyects/Racing/aimai_test_env_beta/ros_pgks/install/godot_interfaces/lib/python3.12/site-packages/godot_interfaces-0.0.0-py3.12.egg-info/dependency_links.txt
-- Installing: /home/colmenasio/Personal/Proyects/Racing/aimai_test_env_beta/ros_pgks/install/godot_interfaces/lib/python3.12/site-packages/godot_interfaces-0.0.0-py3.12.egg-info/PKG-INFO
-- Installing: /home/colmenasio/Personal/Proyects/Racing/aimai_test_env_beta/ros_pgks/install/godot_interfaces/lib/python3.12/site-packages/godot_interfaces-0.0.0-py3.12.egg-info/top_level.txt
-- Installing: /home/colmenasio/Personal/Proyects/Racing/aimai_test_env_beta/ros_pgks/install/godot_interfaces/lib/python3.12/site-packages/godot_interfaces-0.0.0-py3.12.egg-info/SOURCES.txt
-- Installing: /home/colmenasio/Personal/Proyects/Racing/aimai_test_env_beta/ros_pgks/install/godot_interfaces/lib/python3.12/site-packages/godot_interfaces
-- Installing: /home/colmenasio/Personal/Proyects/Racing/aimai_test_env_beta/ros_pgks/install/godot_interfaces/lib/python3.12/site-packages/godot_interfaces/_godot_interfaces_s.ep.rosidl_typesupport_introspection_c.c
-- Installing: /home/colmenasio/Personal/Proyects/Racing/aimai_test_env_beta/ros_pgks/install/godot_interfaces/lib/python3.12/site-packages/godot_interfaces/msg
-- Installing: /home/colmenasio/Personal/Proyects/Racing/aimai_test_env_beta/ros_pgks/install/godot_interfaces/lib/python3.12/site-packages/godot_interfaces/msg/_rrc_position.py
-- Installing: /home/colmenasio/Personal/Proyects/Racing/aimai_test_env_beta/ros_pgks/install/godot_interfaces/lib/python3.12/site-packages/godot_interfaces/msg/_rrc_command_s.c
-- Installing: /home/colmenasio/Personal/Proyects/Racing/aimai_test_env_beta/ros_pgks/install/godot_interfaces/lib/python3.12/site-packages/godot_interfaces/msg/_rrc_position_s.c
-- Installing: /home/colmenasio/Personal/Proyects/Racing/aimai_test_env_beta/ros_pgks/install/godot_interfaces/lib/python3.12/site-packages/godot_interfaces/msg/_rrc_command.py
-- Installing: /home/colmenasio/Personal/Proyects/Racing/aimai_test_env_beta/ros_pgks/install/godot_interfaces/lib/python3.12/site-packages/godot_interfaces/msg/__init__.py
-- Installing: /home/colmenasio/Personal/Proyects/Racing/aimai_test_env_beta/ros_pgks/install/godot_interfaces/lib/python3.12/site-packages/godot_interfaces/godot_interfaces_s__rosidl_typesupport_fastrtps_c.so
-- Installing: /home/colmenasio/Personal/Proyects/Racing/aimai_test_env_beta/ros_pgks/install/godot_interfaces/lib/python3.12/site-packages/godot_interfaces/godot_interfaces_s__rosidl_typesupport_c.so
-- Installing: /home/colmenasio/Personal/Proyects/Racing/aimai_test_env_beta/ros_pgks/install/godot_interfaces/lib/python3.12/site-packages/godot_interfaces/_godot_interfaces_s.ep.rosidl_typesupport_c.c
-- Installing: /home/colmenasio/Personal/Proyects/Racing/aimai_test_env_beta/ros_pgks/install/godot_interfaces/lib/python3.12/site-packages/godot_interfaces/_godot_interfaces_s.ep.rosidl_typesupport_fastrtps_c.c
-- Installing: /home/colmenasio/Personal/Proyects/Racing/aimai_test_env_beta/ros_pgks/install/godot_interfaces/lib/python3.12/site-packages/godot_interfaces/__init__.py
-- Installing: /home/colmenasio/Personal/Proyects/Racing/aimai_test_env_beta/ros_pgks/install/godot_interfaces/lib/python3.12/site-packages/godot_interfaces/godot_interfaces_s__rosidl_typesupport_introspection_c.so
Listing '/home/colmenasio/Personal/Proyects/Racing/aimai_test_env_beta/ros_pgks/install/godot_interfaces/lib/python3.12/site-packages/godot_interfaces'...
Compiling '/home/colmenasio/Personal/Proyects/Racing/aimai_test_env_beta/ros_pgks/install/godot_interfaces/lib/python3.12/site-packages/godot_interfaces/__init__.py'...
Listing '/home/colmenasio/Personal/Proyects/Racing/aimai_test_env_beta/ros_pgks/install/godot_interfaces/lib/python3.12/site-packages/godot_interfaces/msg'...
Compiling '/home/colmenasio/Personal/Proyects/Racing/aimai_test_env_beta/ros_pgks/install/godot_interfaces/lib/python3.12/site-packages/godot_interfaces/msg/__init__.py'...
Compiling '/home/colmenasio/Personal/Proyects/Racing/aimai_test_env_beta/ros_pgks/install/godot_interfaces/lib/python3.12/site-packages/godot_interfaces/msg/_rrc_command.py'...
Compiling '/home/colmenasio/Personal/Proyects/Racing/aimai_test_env_beta/ros_pgks/install/godot_interfaces/lib/python3.12/site-packages/godot_interfaces/msg/_rrc_position.py'...
-- Installing: /home/colmenasio/Personal/Proyects/Racing/aimai_test_env_beta/ros_pgks/install/godot_interfaces/lib/python3.12/site-packages/godot_interfaces/godot_interfaces_s__rosidl_typesupport_fastrtps_c.so
-- Set non-toolchain portion of runtime path of "/home/colmenasio/Personal/Proyects/Racing/aimai_test_env_beta/ros_pgks/install/godot_interfaces/lib/python3.12/site-packages/godot_interfaces/godot_interfaces_s__rosidl_typesupport_fastrtps_c.so" to ""
-- Installing: /home/colmenasio/Personal/Proyects/Racing/aimai_test_env_beta/ros_pgks/install/godot_interfaces/lib/python3.12/site-packages/godot_interfaces/godot_interfaces_s__rosidl_typesupport_introspection_c.so
-- Set non-toolchain portion of runtime path of "/home/colmenasio/Personal/Proyects/Racing/aimai_test_env_beta/ros_pgks/install/godot_interfaces/lib/python3.12/site-packages/godot_interfaces/godot_interfaces_s__rosidl_typesupport_introspection_c.so" to ""
-- Installing: /home/colmenasio/Personal/Proyects/Racing/aimai_test_env_beta/ros_pgks/install/godot_interfaces/lib/python3.12/site-packages/godot_interfaces/godot_interfaces_s__rosidl_typesupport_c.so
-- Set non-toolchain portion of runtime path of "/home/colmenasio/Personal/Proyects/Racing/aimai_test_env_beta/ros_pgks/install/godot_interfaces/lib/python3.12/site-packages/godot_interfaces/godot_interfaces_s__rosidl_typesupport_c.so" to ""
-- Installing: /home/colmenasio/Personal/Proyects/Racing/aimai_test_env_beta/ros_pgks/install/godot_interfaces/lib/libgodot_interfaces__rosidl_generator_py.so
-- Set non-toolchain portion of runtime path of "/home/colmenasio/Personal/Proyects/Racing/aimai_test_env_beta/ros_pgks/install/godot_interfaces/lib/libgodot_interfaces__rosidl_generator_py.so" to ""
-- Installing: /home/colmenasio/Personal/Proyects/Racing/aimai_test_env_beta/ros_pgks/install/godot_interfaces/share/godot_interfaces/msg/RRCCommand.idl
-- Installing: /home/colmenasio/Personal/Proyects/Racing/aimai_test_env_beta/ros_pgks/install/godot_interfaces/share/godot_interfaces/msg/RRCPosition.idl
-- Installing: /home/colmenasio/Personal/Proyects/Racing/aimai_test_env_beta/ros_pgks/install/godot_interfaces/share/godot_interfaces/msg/RRCCommand.msg
-- Installing: /home/colmenasio/Personal/Proyects/Racing/aimai_test_env_beta/ros_pgks/install/godot_interfaces/share/godot_interfaces/msg/RRCPosition.msg
-- Installing: /home/colmenasio/Personal/Proyects/Racing/aimai_test_env_beta/ros_pgks/install/godot_interfaces/share/ament_index/resource_index/package_run_dependencies/godot_interfaces
-- Installing: /home/colmenasio/Personal/Proyects/Racing/aimai_test_env_beta/ros_pgks/install/godot_interfaces/share/ament_index/resource_index/parent_prefix_path/godot_interfaces
-- Installing: /home/colmenasio/Personal/Proyects/Racing/aimai_test_env_beta/ros_pgks/install/godot_interfaces/share/godot_interfaces/environment/ament_prefix_path.sh
-- Installing: /home/colmenasio/Personal/Proyects/Racing/aimai_test_env_beta/ros_pgks/install/godot_interfaces/share/godot_interfaces/environment/ament_prefix_path.dsv
-- Installing: /home/colmenasio/Personal/Proyects/Racing/aimai_test_env_beta/ros_pgks/install/godot_interfaces/share/godot_interfaces/environment/path.sh
-- Installing: /home/colmenasio/Personal/Proyects/Racing/aimai_test_env_beta/ros_pgks/install/godot_interfaces/share/godot_interfaces/environment/path.dsv
-- Installing: /home/colmenasio/Personal/Proyects/Racing/aimai_test_env_beta/ros_pgks/install/godot_interfaces/share/godot_interfaces/local_setup.bash
-- Installing: /home/colmenasio/Personal/Proyects/Racing/aimai_test_env_beta/ros_pgks/install/godot_interfaces/share/godot_interfaces/local_setup.sh
-- Installing: /home/colmenasio/Personal/Proyects/Racing/aimai_test_env_beta/ros_pgks/install/godot_interfaces/share/godot_interfaces/local_setup.zsh
-- Installing: /home/colmenasio/Personal/Proyects/Racing/aimai_test_env_beta/ros_pgks/install/godot_interfaces/share/godot_interfaces/local_setup.dsv
-- Installing: /home/colmenasio/Personal/Proyects/Racing/aimai_test_env_beta/ros_pgks/install/godot_interfaces/share/godot_interfaces/package.dsv
-- Installing: /home/colmenasio/Personal/Proyects/Racing/aimai_test_env_beta/ros_pgks/install/godot_interfaces/share/ament_index/resource_index/packages/godot_interfaces
-- Installing: /home/colmenasio/Personal/Proyects/Racing/aimai_test_env_beta/ros_pgks/install/godot_interfaces/share/godot_interfaces/cmake/export_godot_interfaces__rosidl_generator_cExport.cmake
-- Installing: /home/colmenasio/Personal/Proyects/Racing/aimai_test_env_beta/ros_pgks/install/godot_interfaces/share/godot_interfaces/cmake/export_godot_interfaces__rosidl_generator_cExport-noconfig.cmake
-- Installing: /home/colmenasio/Personal/Proyects/Racing/aimai_test_env_beta/ros_pgks/install/godot_interfaces/share/godot_interfaces/cmake/export_godot_interfaces__rosidl_typesupport_fastrtps_cExport.cmake
-- Installing: /home/colmenasio/Personal/Proyects/Racing/aimai_test_env_beta/ros_pgks/install/godot_interfaces/share/godot_interfaces/cmake/export_godot_interfaces__rosidl_typesupport_fastrtps_cExport-noconfig.cmake
-- Installing: /home/colmenasio/Personal/Proyects/Racing/aimai_test_env_beta/ros_pgks/install/godot_interfaces/share/godot_interfaces/cmake/godot_interfaces__rosidl_typesupport_introspection_cExport.cmake
-- Installing: /home/colmenasio/Personal/Proyects/Racing/aimai_test_env_beta/ros_pgks/install/godot_interfaces/share/godot_interfaces/cmake/godot_interfaces__rosidl_typesupport_introspection_cExport-noconfig.cmake
-- Installing: /home/colmenasio/Personal/Proyects/Racing/aimai_test_env_beta/ros_pgks/install/godot_interfaces/share/godot_interfaces/cmake/godot_interfaces__rosidl_typesupport_cExport.cmake
-- Installing: /home/colmenasio/Personal/Proyects/Racing/aimai_test_env_beta/ros_pgks/install/godot_interfaces/share/godot_interfaces/cmake/godot_interfaces__rosidl_typesupport_cExport-noconfig.cmake
-- Installing: /home/colmenasio/Personal/Proyects/Racing/aimai_test_env_beta/ros_pgks/install/godot_interfaces/share/godot_interfaces/cmake/export_godot_interfaces__rosidl_generator_cppExport.cmake
-- Installing: /home/colmenasio/Personal/Proyects/Racing/aimai_test_env_beta/ros_pgks/install/godot_interfaces/share/godot_interfaces/cmake/export_godot_interfaces__rosidl_typesupport_fastrtps_cppExport.cmake
-- Installing: /home/colmenasio/Personal/Proyects/Racing/aimai_test_env_beta/ros_pgks/install/godot_interfaces/share/godot_interfaces/cmake/export_godot_interfaces__rosidl_typesupport_fastrtps_cppExport-noconfig.cmake
-- Installing: /home/colmenasio/Personal/Proyects/Racing/aimai_test_env_beta/ros_pgks/install/godot_interfaces/share/godot_interfaces/cmake/godot_interfaces__rosidl_typesupport_introspection_cppExport.cmake
-- Installing: /home/colmenasio/Personal/Proyects/Racing/aimai_test_env_beta/ros_pgks/install/godot_interfaces/share/godot_interfaces/cmake/godot_interfaces__rosidl_typesupport_introspection_cppExport-noconfig.cmake
-- Installing: /home/colmenasio/Personal/Proyects/Racing/aimai_test_env_beta/ros_pgks/install/godot_interfaces/share/godot_interfaces/cmake/godot_interfaces__rosidl_typesupport_cppExport.cmake
-- Installing: /home/colmenasio/Personal/Proyects/Racing/aimai_test_env_beta/ros_pgks/install/godot_interfaces/share/godot_interfaces/cmake/godot_interfaces__rosidl_typesupport_cppExport-noconfig.cmake
-- Installing: /home/colmenasio/Personal/Proyects/Racing/aimai_test_env_beta/ros_pgks/install/godot_interfaces/share/godot_interfaces/cmake/export_godot_interfaces__rosidl_generator_pyExport.cmake
-- Installing: /home/colmenasio/Personal/Proyects/Racing/aimai_test_env_beta/ros_pgks/install/godot_interfaces/share/godot_interfaces/cmake/export_godot_interfaces__rosidl_generator_pyExport-noconfig.cmake
-- Installing: /home/colmenasio/Personal/Proyects/Racing/aimai_test_env_beta/ros_pgks/install/godot_interfaces/share/godot_interfaces/cmake/rosidl_cmake-extras.cmake
-- Installing: /home/colmenasio/Personal/Proyects/Racing/aimai_test_env_beta/ros_pgks/install/godot_interfaces/share/godot_interfaces/cmake/ament_cmake_export_include_directories-extras.cmake
-- Installing: /home/colmenasio/Personal/Proyects/Racing/aimai_test_env_beta/ros_pgks/install/godot_interfaces/share/godot_interfaces/cmake/ament_cmake_export_libraries-extras.cmake
-- Installing: /home/colmenasio/Personal/Proyects/Racing/aimai_test_env_beta/ros_pgks/install/godot_interfaces/share/godot_interfaces/cmake/ament_cmake_export_targets-extras.cmake
-- Installing: /home/colmenasio/Personal/Proyects/Racing/aimai_test_env_beta/ros_pgks/install/godot_interfaces/share/godot_interfaces/cmake/rosidl_cmake_export_typesupport_targets-extras.cmake
-- Installing: /home/colmenasio/Personal/Proyects/Racing/aimai_test_env_beta/ros_pgks/install/godot_interfaces/share/godot_interfaces/cmake/ament_cmake_export_dependencies-extras.cmake
-- Installing: /home/colmenasio/Personal/Proyects/Racing/aimai_test_env_beta/ros_pgks/install/godot_interfaces/share/godot_interfaces/cmake/rosidl_cmake_export_typesupport_libraries-extras.cmake
-- Installing: /home/colmenasio/Personal/Proyects/Racing/aimai_test_env_beta/ros_pgks/install/godot_interfaces/share/godot_interfaces/cmake/godot_interfacesConfig.cmake
-- Installing: /home/colmenasio/Personal/Proyects/Racing/aimai_test_env_beta/ros_pgks/install/godot_interfaces/share/godot_interfaces/cmake/godot_interfacesConfig-version.cmake
-- Installing: /home/colmenasio/Personal/Proyects/Racing/aimai_test_env_beta/ros_pgks/install/godot_interfaces/share/godot_interfaces/package.xml
