[0.017s] Invoking command in '/home/colmenasio/Personal/Proyects/Racing/aimai_test_env_beta/ros_pgks/build/godot_interfaces': CMAKE_PREFIX_PATH=${CMAKE_PREFIX_PATH}:/opt/ros/jazzy DEBUGINFOD_URLS=https://debuginfod.ubuntu.com /usr/bin/cmake /home/colmenasio/Personal/Proyects/Racing/aimai_test_env_beta/ros_pgks/src/godot_interfaces -DCMAKE_INSTALL_PREFIX=/home/colmenasio/Personal/Proyects/Racing/aimai_test_env_beta/ros_pgks/install/godot_interfaces
[0.038s] -- Found ament_cmake: 2.5.2 (/opt/ros/jazzy/share/ament_cmake/cmake)
[0.378s] -- Found rosidl_default_generators: 1.6.0 (/opt/ros/jazzy/share/rosidl_default_generators/cmake)
[0.383s] -- Using all available rosidl_typesupport_c: rosidl_typesupport_fastrtps_c;rosidl_typesupport_introspection_c
[0.442s] -- Using all available rosidl_typesupport_cpp: rosidl_typesupport_fastrtps_cpp;rosidl_typesupport_introspection_cpp
[0.490s] -- Found rosidl_adapter: 4.6.4 (/opt/ros/jazzy/share/rosidl_adapter/cmake)
[0.492s] -- Found ament_lint_auto: 0.17.1 (/opt/ros/jazzy/share/ament_lint_auto/cmake)
[1.411s] -- Found ament_cmake_ros: 0.12.0 (/opt/ros/jazzy/share/ament_cmake_ros/cmake)
[2.093s] -- Using all available rosidl_typesupport_c: rosidl_typesupport_fastrtps_c;rosidl_typesupport_introspection_c
[2.984s] -- Using all available rosidl_typesupport_cpp: rosidl_typesupport_fastrtps_cpp;rosidl_typesupport_introspection_cpp
[2.997s] -- Found python_cmake_module: 0.11.1 (/opt/ros/jazzy/share/python_cmake_module/cmake)
[3.212s] -- Found PythonExtra: /usr/bin/python3  
[3.907s] -- Found Python3: /usr/bin/python3 (found version "3.12.3") found components: Interpreter Development NumPy Development.Module Development.Embed 
[3.971s] -- Added test 'lint_cmake' to check CMake code style
[3.974s] -- Added test 'xmllint' to check XML markup files
[3.986s] -- Configuring done (4.0s)
[4.047s] -- Generating done (0.1s)
[4.053s] -- Build files have been written to: /home/colmenasio/Personal/Proyects/Racing/aimai_test_env_beta/ros_pgks/build/godot_interfaces
[4.061s] Invoked command in '/home/colmenasio/Personal/Proyects/Racing/aimai_test_env_beta/ros_pgks/build/godot_interfaces' returned '0': CMAKE_PREFIX_PATH=${CMAKE_PREFIX_PATH}:/opt/ros/jazzy DEBUGINFOD_URLS=https://debuginfod.ubuntu.com /usr/bin/cmake /home/colmenasio/Personal/Proyects/Racing/aimai_test_env_beta/ros_pgks/src/godot_interfaces -DCMAKE_INSTALL_PREFIX=/home/colmenasio/Personal/Proyects/Racing/aimai_test_env_beta/ros_pgks/install/godot_interfaces
[4.063s] Invoking command in '/home/colmenasio/Personal/Proyects/Racing/aimai_test_env_beta/ros_pgks/build/godot_interfaces': CMAKE_PREFIX_PATH=${CMAKE_PREFIX_PATH}:/opt/ros/jazzy DEBUGINFOD_URLS=https://debuginfod.ubuntu.com /usr/bin/cmake --build /home/colmenasio/Personal/Proyects/Racing/aimai_test_env_beta/ros_pgks/build/godot_interfaces -- -j16 -l16
[4.146s] [  2%] [34m[1mGenerating type hashes for ROS interfaces[0m
[4.161s] [  2%] Built target ament_cmake_python_copy_godot_interfaces
[4.484s] [  2%] Built target godot_interfaces__rosidl_generator_type_description
[4.501s] [  4%] [34m[1mGenerating C code for ROS interfaces[0m
[4.520s] running egg_info
[4.520s] [  6%] [34m[1mGenerating C++ code for ROS interfaces[0m
[4.521s] creating godot_interfaces.egg-info
[4.555s] writing godot_interfaces.egg-info/PKG-INFO
[4.556s] writing dependency_links to godot_interfaces.egg-info/dependency_links.txt
[4.556s] writing top-level names to godot_interfaces.egg-info/top_level.txt
[4.556s] writing manifest file 'godot_interfaces.egg-info/SOURCES.txt'
[4.658s] reading manifest file 'godot_interfaces.egg-info/SOURCES.txt'
[4.658s] writing manifest file 'godot_interfaces.egg-info/SOURCES.txt'
[4.701s] [  6%] Built target ament_cmake_python_build_godot_interfaces_egg
[4.933s] [  6%] Built target godot_interfaces__cpp
[4.990s] [ 11%] [32mBuilding C object CMakeFiles/godot_interfaces__rosidl_generator_c.dir/rosidl_generator_c/godot_interfaces/msg/detail/rrc_command__functions.c.o[0m
[4.990s] [ 11%] [32mBuilding C object CMakeFiles/godot_interfaces__rosidl_generator_c.dir/rosidl_generator_c/godot_interfaces/msg/detail/rrc_command__description.c.o[0m
[4.990s] [ 13%] [32mBuilding C object CMakeFiles/godot_interfaces__rosidl_generator_c.dir/rosidl_generator_c/godot_interfaces/msg/detail/rrc_command__type_support.c.o[0m
[4.990s] [ 15%] [32mBuilding C object CMakeFiles/godot_interfaces__rosidl_generator_c.dir/rosidl_generator_c/godot_interfaces/msg/detail/rrc_position__description.c.o[0m
[4.991s] [ 20%] [32mBuilding C object CMakeFiles/godot_interfaces__rosidl_generator_c.dir/rosidl_generator_c/godot_interfaces/msg/detail/rrc_position__functions.c.o[0m
[4.991s] [ 20%] [32mBuilding C object CMakeFiles/godot_interfaces__rosidl_generator_c.dir/rosidl_generator_c/godot_interfaces/msg/detail/rrc_position__type_support.c.o[0m
[5.072s] [ 22%] [32m[1mLinking C shared library libgodot_interfaces__rosidl_generator_c.so[0m
[5.135s] [ 22%] Built target godot_interfaces__rosidl_generator_c
[5.152s] [ 29%] [34m[1mGenerating C++ type support dispatch for ROS interfaces[0m
[5.152s] [ 29%] [34m[1mGenerating C++ introspection for ROS interfaces[0m
[5.153s] [ 29%] [34m[1mGenerating C++ type support for eProsima Fast-RTPS[0m
[5.153s] [ 34%] [34m[1mGenerating C introspection for ROS interfaces[0m
[5.153s] [ 34%] [34m[1mGenerating C type support for eProsima Fast-RTPS[0m
[5.153s] [ 36%] [34m[1mGenerating C type support dispatch for ROS interfaces[0m
[5.539s] [ 38%] [32mBuilding CXX object CMakeFiles/godot_interfaces__rosidl_typesupport_c.dir/rosidl_typesupport_c/godot_interfaces/msg/rrc_command__type_support.cpp.o[0m
[5.542s] [ 40%] [32mBuilding CXX object CMakeFiles/godot_interfaces__rosidl_typesupport_c.dir/rosidl_typesupport_c/godot_interfaces/msg/rrc_position__type_support.cpp.o[0m
[5.552s] [ 43%] [32mBuilding CXX object CMakeFiles/godot_interfaces__rosidl_typesupport_cpp.dir/rosidl_typesupport_cpp/godot_interfaces/msg/rrc_command__type_support.cpp.o[0m
[5.553s] [ 45%] [32mBuilding CXX object CMakeFiles/godot_interfaces__rosidl_typesupport_cpp.dir/rosidl_typesupport_cpp/godot_interfaces/msg/rrc_position__type_support.cpp.o[0m
[5.570s] [ 47%] [32mBuilding CXX object CMakeFiles/godot_interfaces__rosidl_typesupport_introspection_cpp.dir/rosidl_typesupport_introspection_cpp/godot_interfaces/msg/detail/rrc_command__type_support.cpp.o[0m
[5.573s] [ 50%] [32mBuilding CXX object CMakeFiles/godot_interfaces__rosidl_typesupport_introspection_cpp.dir/rosidl_typesupport_introspection_cpp/godot_interfaces/msg/detail/rrc_position__type_support.cpp.o[0m
[5.578s] [ 52%] [32mBuilding C object CMakeFiles/godot_interfaces__rosidl_typesupport_introspection_c.dir/rosidl_typesupport_introspection_c/godot_interfaces/msg/detail/rrc_command__type_support.c.o[0m
[5.582s] [ 54%] [32mBuilding C object CMakeFiles/godot_interfaces__rosidl_typesupport_introspection_c.dir/rosidl_typesupport_introspection_c/godot_interfaces/msg/detail/rrc_position__type_support.c.o[0m
[5.620s] [ 56%] [32mBuilding CXX object CMakeFiles/godot_interfaces__rosidl_typesupport_fastrtps_cpp.dir/rosidl_typesupport_fastrtps_cpp/godot_interfaces/msg/detail/dds_fastrtps/rrc_command__type_support.cpp.o[0m
[5.624s] [ 59%] [32mBuilding CXX object CMakeFiles/godot_interfaces__rosidl_typesupport_fastrtps_cpp.dir/rosidl_typesupport_fastrtps_cpp/godot_interfaces/msg/detail/dds_fastrtps/rrc_position__type_support.cpp.o[0m
[5.631s] [ 61%] [32mBuilding CXX object CMakeFiles/godot_interfaces__rosidl_typesupport_fastrtps_c.dir/rosidl_typesupport_fastrtps_c/godot_interfaces/msg/detail/rrc_command__type_support_c.cpp.o[0m
[5.634s] [ 63%] [32mBuilding CXX object CMakeFiles/godot_interfaces__rosidl_typesupport_fastrtps_c.dir/rosidl_typesupport_fastrtps_c/godot_interfaces/msg/detail/rrc_position__type_support_c.cpp.o[0m
[5.635s] [ 65%] [32m[1mLinking CXX shared library libgodot_interfaces__rosidl_typesupport_c.so[0m
[5.658s] [ 68%] [32m[1mLinking C shared library libgodot_interfaces__rosidl_typesupport_introspection_c.so[0m
[5.709s] [ 68%] Built target godot_interfaces__rosidl_typesupport_introspection_c
[5.719s] [ 68%] Built target godot_interfaces__rosidl_typesupport_c
[6.206s] [ 70%] [32m[1mLinking CXX shared library libgodot_interfaces__rosidl_typesupport_introspection_cpp.so[0m
[6.207s] [ 72%] [32m[1mLinking CXX shared library libgodot_interfaces__rosidl_typesupport_cpp.so[0m
[6.272s] [ 72%] Built target godot_interfaces__rosidl_typesupport_cpp
[6.273s] [ 72%] Built target godot_interfaces__rosidl_typesupport_introspection_cpp
[6.455s] [ 75%] [32m[1mLinking CXX shared library libgodot_interfaces__rosidl_typesupport_fastrtps_cpp.so[0m
[6.482s] [ 77%] [32m[1mLinking CXX shared library libgodot_interfaces__rosidl_typesupport_fastrtps_c.so[0m
[6.535s] [ 77%] Built target godot_interfaces__rosidl_typesupport_fastrtps_cpp
[6.562s] [ 77%] Built target godot_interfaces__rosidl_typesupport_fastrtps_c
[6.597s] [ 77%] Built target godot_interfaces
[6.631s] [ 79%] [34m[1mGenerating Python code for ROS interfaces[0m
[7.155s] [ 79%] Built target godot_interfaces__py
[7.190s] [ 84%] [32mBuilding C object CMakeFiles/godot_interfaces__rosidl_generator_py.dir/rosidl_generator_py/godot_interfaces/msg/_rrc_command_s.c.o[0m
[7.190s] [ 84%] [32mBuilding C object CMakeFiles/godot_interfaces__rosidl_generator_py.dir/rosidl_generator_py/godot_interfaces/msg/_rrc_position_s.c.o[0m
[7.409s] [ 86%] [32m[1mLinking C shared library libgodot_interfaces__rosidl_generator_py.so[0m
[7.476s] [ 86%] Built target godot_interfaces__rosidl_generator_py
[7.511s] [ 93%] [32mBuilding C object CMakeFiles/godot_interfaces_s__rosidl_typesupport_c.dir/rosidl_generator_py/godot_interfaces/_godot_interfaces_s.ep.rosidl_typesupport_c.c.o[0m
[7.511s] [ 93%] [32mBuilding C object CMakeFiles/godot_interfaces_s__rosidl_typesupport_introspection_c.dir/rosidl_generator_py/godot_interfaces/_godot_interfaces_s.ep.rosidl_typesupport_introspection_c.c.o[0m
[7.511s] [ 93%] [32mBuilding C object CMakeFiles/godot_interfaces_s__rosidl_typesupport_fastrtps_c.dir/rosidl_generator_py/godot_interfaces/_godot_interfaces_s.ep.rosidl_typesupport_fastrtps_c.c.o[0m
[7.691s] [ 97%] [32m[1mLinking C shared module rosidl_generator_py/godot_interfaces/godot_interfaces_s__rosidl_typesupport_c.so[0m
[7.691s] [ 97%] [32m[1mLinking C shared module rosidl_generator_py/godot_interfaces/godot_interfaces_s__rosidl_typesupport_introspection_c.so[0m
[7.700s] [100%] [32m[1mLinking C shared module rosidl_generator_py/godot_interfaces/godot_interfaces_s__rosidl_typesupport_fastrtps_c.so[0m
[7.742s] [100%] Built target godot_interfaces_s__rosidl_typesupport_introspection_c
[7.742s] [100%] Built target godot_interfaces_s__rosidl_typesupport_c
[7.755s] [100%] Built target godot_interfaces_s__rosidl_typesupport_fastrtps_c
[7.776s] Invoked command in '/home/colmenasio/Personal/Proyects/Racing/aimai_test_env_beta/ros_pgks/build/godot_interfaces' returned '0': CMAKE_PREFIX_PATH=${CMAKE_PREFIX_PATH}:/opt/ros/jazzy DEBUGINFOD_URLS=https://debuginfod.ubuntu.com /usr/bin/cmake --build /home/colmenasio/Personal/Proyects/Racing/aimai_test_env_beta/ros_pgks/build/godot_interfaces -- -j16 -l16
[7.956s] Invoking command in '/home/colmenasio/Personal/Proyects/Racing/aimai_test_env_beta/ros_pgks/build/godot_interfaces': CMAKE_PREFIX_PATH=${CMAKE_PREFIX_PATH}:/opt/ros/jazzy DEBUGINFOD_URLS=https://debuginfod.ubuntu.com /usr/bin/cmake --install /home/colmenasio/Personal/Proyects/Racing/aimai_test_env_beta/ros_pgks/build/godot_interfaces
[7.970s] -- Install configuration: ""
[7.971s] -- Installing: /home/colmenasio/Personal/Proyects/Racing/aimai_test_env_beta/ros_pgks/install/godot_interfaces/share/ament_index/resource_index/rosidl_interfaces/godot_interfaces
[7.971s] -- Installing: /home/colmenasio/Personal/Proyects/Racing/aimai_test_env_beta/ros_pgks/install/godot_interfaces/share/godot_interfaces/msg/RRCCommand.json
[7.971s] -- Installing: /home/colmenasio/Personal/Proyects/Racing/aimai_test_env_beta/ros_pgks/install/godot_interfaces/share/godot_interfaces/msg/RRCPosition.json
[7.972s] -- Installing: /home/colmenasio/Personal/Proyects/Racing/aimai_test_env_beta/ros_pgks/install/godot_interfaces/include/godot_interfaces/godot_interfaces
[7.972s] -- Installing: /home/colmenasio/Personal/Proyects/Racing/aimai_test_env_beta/ros_pgks/install/godot_interfaces/include/godot_interfaces/godot_interfaces/msg
[7.972s] -- Installing: /home/colmenasio/Personal/Proyects/Racing/aimai_test_env_beta/ros_pgks/install/godot_interfaces/include/godot_interfaces/godot_interfaces/msg/rosidl_generator_c__visibility_control.h
[7.972s] -- Installing: /home/colmenasio/Personal/Proyects/Racing/aimai_test_env_beta/ros_pgks/install/godot_interfaces/include/godot_interfaces/godot_interfaces/msg/detail
[7.973s] -- Installing: /home/colmenasio/Personal/Proyects/Racing/aimai_test_env_beta/ros_pgks/install/godot_interfaces/include/godot_interfaces/godot_interfaces/msg/detail/rrc_command__type_support.h
[7.973s] -- Installing: /home/colmenasio/Personal/Proyects/Racing/aimai_test_env_beta/ros_pgks/install/godot_interfaces/include/godot_interfaces/godot_interfaces/msg/detail/rrc_command__functions.c
[7.973s] -- Installing: /home/colmenasio/Personal/Proyects/Racing/aimai_test_env_beta/ros_pgks/install/godot_interfaces/include/godot_interfaces/godot_interfaces/msg/detail/rrc_position__type_support.h
[7.973s] -- Installing: /home/colmenasio/Personal/Proyects/Racing/aimai_test_env_beta/ros_pgks/install/godot_interfaces/include/godot_interfaces/godot_interfaces/msg/detail/rrc_position__struct.h
[7.974s] -- Installing: /home/colmenasio/Personal/Proyects/Racing/aimai_test_env_beta/ros_pgks/install/godot_interfaces/include/godot_interfaces/godot_interfaces/msg/detail/rrc_command__functions.h
[7.974s] -- Installing: /home/colmenasio/Personal/Proyects/Racing/aimai_test_env_beta/ros_pgks/install/godot_interfaces/include/godot_interfaces/godot_interfaces/msg/detail/rrc_position__functions.h
[7.974s] -- Installing: /home/colmenasio/Personal/Proyects/Racing/aimai_test_env_beta/ros_pgks/install/godot_interfaces/include/godot_interfaces/godot_interfaces/msg/detail/rrc_position__type_support.c
[7.975s] -- Installing: /home/colmenasio/Personal/Proyects/Racing/aimai_test_env_beta/ros_pgks/install/godot_interfaces/include/godot_interfaces/godot_interfaces/msg/detail/rrc_position__description.c
[7.975s] -- Installing: /home/colmenasio/Personal/Proyects/Racing/aimai_test_env_beta/ros_pgks/install/godot_interfaces/include/godot_interfaces/godot_interfaces/msg/detail/rrc_position__functions.c
[7.975s] -- Installing: /home/colmenasio/Personal/Proyects/Racing/aimai_test_env_beta/ros_pgks/install/godot_interfaces/include/godot_interfaces/godot_interfaces/msg/detail/rrc_command__struct.h
[7.975s] -- Installing: /home/colmenasio/Personal/Proyects/Racing/aimai_test_env_beta/ros_pgks/install/godot_interfaces/include/godot_interfaces/godot_interfaces/msg/detail/rrc_command__type_support.c
[7.976s] -- Installing: /home/colmenasio/Personal/Proyects/Racing/aimai_test_env_beta/ros_pgks/install/godot_interfaces/include/godot_interfaces/godot_interfaces/msg/detail/rrc_command__description.c
[7.976s] -- Installing: /home/colmenasio/Personal/Proyects/Racing/aimai_test_env_beta/ros_pgks/install/godot_interfaces/include/godot_interfaces/godot_interfaces/msg/rrc_position.h
[7.976s] -- Installing: /home/colmenasio/Personal/Proyects/Racing/aimai_test_env_beta/ros_pgks/install/godot_interfaces/include/godot_interfaces/godot_interfaces/msg/rrc_command.h
[7.977s] -- Installing: /home/colmenasio/Personal/Proyects/Racing/aimai_test_env_beta/ros_pgks/install/godot_interfaces/share/godot_interfaces/environment/library_path.sh
[7.977s] -- Installing: /home/colmenasio/Personal/Proyects/Racing/aimai_test_env_beta/ros_pgks/install/godot_interfaces/share/godot_interfaces/environment/library_path.dsv
[7.978s] -- Installing: /home/colmenasio/Personal/Proyects/Racing/aimai_test_env_beta/ros_pgks/install/godot_interfaces/lib/libgodot_interfaces__rosidl_generator_c.so
[7.978s] -- Set non-toolchain portion of runtime path of "/home/colmenasio/Personal/Proyects/Racing/aimai_test_env_beta/ros_pgks/install/godot_interfaces/lib/libgodot_interfaces__rosidl_generator_c.so" to ""
[7.978s] -- Up-to-date: /home/colmenasio/Personal/Proyects/Racing/aimai_test_env_beta/ros_pgks/install/godot_interfaces/include/godot_interfaces/godot_interfaces
[7.979s] -- Up-to-date: /home/colmenasio/Personal/Proyects/Racing/aimai_test_env_beta/ros_pgks/install/godot_interfaces/include/godot_interfaces/godot_interfaces/msg
[7.979s] -- Installing: /home/colmenasio/Personal/Proyects/Racing/aimai_test_env_beta/ros_pgks/install/godot_interfaces/include/godot_interfaces/godot_interfaces/msg/rosidl_typesupport_fastrtps_c__visibility_control.h
[7.979s] -- Up-to-date: /home/colmenasio/Personal/Proyects/Racing/aimai_test_env_beta/ros_pgks/install/godot_interfaces/include/godot_interfaces/godot_interfaces/msg/detail
[7.979s] -- Installing: /home/colmenasio/Personal/Proyects/Racing/aimai_test_env_beta/ros_pgks/install/godot_interfaces/include/godot_interfaces/godot_interfaces/msg/detail/rrc_position__rosidl_typesupport_fastrtps_c.h
[7.979s] -- Installing: /home/colmenasio/Personal/Proyects/Racing/aimai_test_env_beta/ros_pgks/install/godot_interfaces/include/godot_interfaces/godot_interfaces/msg/detail/rrc_command__rosidl_typesupport_fastrtps_c.h
[7.979s] -- Installing: /home/colmenasio/Personal/Proyects/Racing/aimai_test_env_beta/ros_pgks/install/godot_interfaces/lib/libgodot_interfaces__rosidl_typesupport_fastrtps_c.so
[7.980s] -- Set non-toolchain portion of runtime path of "/home/colmenasio/Personal/Proyects/Racing/aimai_test_env_beta/ros_pgks/install/godot_interfaces/lib/libgodot_interfaces__rosidl_typesupport_fastrtps_c.so" to ""
[7.980s] -- Up-to-date: /home/colmenasio/Personal/Proyects/Racing/aimai_test_env_beta/ros_pgks/install/godot_interfaces/include/godot_interfaces/godot_interfaces
[7.981s] -- Up-to-date: /home/colmenasio/Personal/Proyects/Racing/aimai_test_env_beta/ros_pgks/install/godot_interfaces/include/godot_interfaces/godot_interfaces/msg
[7.981s] -- Installing: /home/colmenasio/Personal/Proyects/Racing/aimai_test_env_beta/ros_pgks/install/godot_interfaces/include/godot_interfaces/godot_interfaces/msg/rosidl_typesupport_introspection_c__visibility_control.h
[7.981s] -- Up-to-date: /home/colmenasio/Personal/Proyects/Racing/aimai_test_env_beta/ros_pgks/install/godot_interfaces/include/godot_interfaces/godot_interfaces/msg/detail
[7.981s] -- Up-to-date: /home/colmenasio/Personal/Proyects/Racing/aimai_test_env_beta/ros_pgks/install/godot_interfaces/include/godot_interfaces/godot_interfaces/msg/detail/rrc_position__type_support.c
[7.981s] -- Installing: /home/colmenasio/Personal/Proyects/Racing/aimai_test_env_beta/ros_pgks/install/godot_interfaces/include/godot_interfaces/godot_interfaces/msg/detail/rrc_position__rosidl_typesupport_introspection_c.h
[7.981s] -- Up-to-date: /home/colmenasio/Personal/Proyects/Racing/aimai_test_env_beta/ros_pgks/install/godot_interfaces/include/godot_interfaces/godot_interfaces/msg/detail/rrc_command__type_support.c
[7.981s] -- Installing: /home/colmenasio/Personal/Proyects/Racing/aimai_test_env_beta/ros_pgks/install/godot_interfaces/include/godot_interfaces/godot_interfaces/msg/detail/rrc_command__rosidl_typesupport_introspection_c.h
[7.982s] -- Installing: /home/colmenasio/Personal/Proyects/Racing/aimai_test_env_beta/ros_pgks/install/godot_interfaces/lib/libgodot_interfaces__rosidl_typesupport_introspection_c.so
[7.982s] -- Set non-toolchain portion of runtime path of "/home/colmenasio/Personal/Proyects/Racing/aimai_test_env_beta/ros_pgks/install/godot_interfaces/lib/libgodot_interfaces__rosidl_typesupport_introspection_c.so" to ""
[7.982s] -- Installing: /home/colmenasio/Personal/Proyects/Racing/aimai_test_env_beta/ros_pgks/install/godot_interfaces/lib/libgodot_interfaces__rosidl_typesupport_c.so
[7.983s] -- Set non-toolchain portion of runtime path of "/home/colmenasio/Personal/Proyects/Racing/aimai_test_env_beta/ros_pgks/install/godot_interfaces/lib/libgodot_interfaces__rosidl_typesupport_c.so" to ""
[7.983s] -- Up-to-date: /home/colmenasio/Personal/Proyects/Racing/aimai_test_env_beta/ros_pgks/install/godot_interfaces/include/godot_interfaces/godot_interfaces
[7.983s] -- Up-to-date: /home/colmenasio/Personal/Proyects/Racing/aimai_test_env_beta/ros_pgks/install/godot_interfaces/include/godot_interfaces/godot_interfaces/msg
[7.984s] -- Up-to-date: /home/colmenasio/Personal/Proyects/Racing/aimai_test_env_beta/ros_pgks/install/godot_interfaces/include/godot_interfaces/godot_interfaces/msg/detail
[7.984s] -- Installing: /home/colmenasio/Personal/Proyects/Racing/aimai_test_env_beta/ros_pgks/install/godot_interfaces/include/godot_interfaces/godot_interfaces/msg/detail/rrc_command__traits.hpp
[7.984s] -- Installing: /home/colmenasio/Personal/Proyects/Racing/aimai_test_env_beta/ros_pgks/install/godot_interfaces/include/godot_interfaces/godot_interfaces/msg/detail/rrc_command__type_support.hpp
[7.984s] -- Installing: /home/colmenasio/Personal/Proyects/Racing/aimai_test_env_beta/ros_pgks/install/godot_interfaces/include/godot_interfaces/godot_interfaces/msg/detail/rrc_command__struct.hpp
[7.984s] -- Installing: /home/colmenasio/Personal/Proyects/Racing/aimai_test_env_beta/ros_pgks/install/godot_interfaces/include/godot_interfaces/godot_interfaces/msg/detail/rrc_position__type_support.hpp
[7.984s] -- Installing: /home/colmenasio/Personal/Proyects/Racing/aimai_test_env_beta/ros_pgks/install/godot_interfaces/include/godot_interfaces/godot_interfaces/msg/detail/rrc_position__builder.hpp
[7.984s] -- Installing: /home/colmenasio/Personal/Proyects/Racing/aimai_test_env_beta/ros_pgks/install/godot_interfaces/include/godot_interfaces/godot_interfaces/msg/detail/rrc_position__struct.hpp
[7.985s] -- Installing: /home/colmenasio/Personal/Proyects/Racing/aimai_test_env_beta/ros_pgks/install/godot_interfaces/include/godot_interfaces/godot_interfaces/msg/detail/rrc_position__traits.hpp
[7.985s] -- Installing: /home/colmenasio/Personal/Proyects/Racing/aimai_test_env_beta/ros_pgks/install/godot_interfaces/include/godot_interfaces/godot_interfaces/msg/detail/rrc_command__builder.hpp
[7.985s] -- Installing: /home/colmenasio/Personal/Proyects/Racing/aimai_test_env_beta/ros_pgks/install/godot_interfaces/include/godot_interfaces/godot_interfaces/msg/rrc_position.hpp
[7.985s] -- Installing: /home/colmenasio/Personal/Proyects/Racing/aimai_test_env_beta/ros_pgks/install/godot_interfaces/include/godot_interfaces/godot_interfaces/msg/rrc_command.hpp
[7.986s] -- Installing: /home/colmenasio/Personal/Proyects/Racing/aimai_test_env_beta/ros_pgks/install/godot_interfaces/include/godot_interfaces/godot_interfaces/msg/rosidl_generator_cpp__visibility_control.hpp
[7.986s] -- Up-to-date: /home/colmenasio/Personal/Proyects/Racing/aimai_test_env_beta/ros_pgks/install/godot_interfaces/include/godot_interfaces/godot_interfaces
[7.986s] -- Up-to-date: /home/colmenasio/Personal/Proyects/Racing/aimai_test_env_beta/ros_pgks/install/godot_interfaces/include/godot_interfaces/godot_interfaces/msg
[7.987s] -- Installing: /home/colmenasio/Personal/Proyects/Racing/aimai_test_env_beta/ros_pgks/install/godot_interfaces/include/godot_interfaces/godot_interfaces/msg/rosidl_typesupport_fastrtps_cpp__visibility_control.h
[7.987s] -- Up-to-date: /home/colmenasio/Personal/Proyects/Racing/aimai_test_env_beta/ros_pgks/install/godot_interfaces/include/godot_interfaces/godot_interfaces/msg/detail
[7.987s] -- Installing: /home/colmenasio/Personal/Proyects/Racing/aimai_test_env_beta/ros_pgks/install/godot_interfaces/include/godot_interfaces/godot_interfaces/msg/detail/dds_fastrtps
[7.987s] -- Installing: /home/colmenasio/Personal/Proyects/Racing/aimai_test_env_beta/ros_pgks/install/godot_interfaces/include/godot_interfaces/godot_interfaces/msg/detail/rrc_command__rosidl_typesupport_fastrtps_cpp.hpp
[7.987s] -- Installing: /home/colmenasio/Personal/Proyects/Racing/aimai_test_env_beta/ros_pgks/install/godot_interfaces/include/godot_interfaces/godot_interfaces/msg/detail/rrc_position__rosidl_typesupport_fastrtps_cpp.hpp
[7.988s] -- Installing: /home/colmenasio/Personal/Proyects/Racing/aimai_test_env_beta/ros_pgks/install/godot_interfaces/lib/libgodot_interfaces__rosidl_typesupport_fastrtps_cpp.so
[7.988s] -- Set non-toolchain portion of runtime path of "/home/colmenasio/Personal/Proyects/Racing/aimai_test_env_beta/ros_pgks/install/godot_interfaces/lib/libgodot_interfaces__rosidl_typesupport_fastrtps_cpp.so" to ""
[7.989s] -- Up-to-date: /home/colmenasio/Personal/Proyects/Racing/aimai_test_env_beta/ros_pgks/install/godot_interfaces/include/godot_interfaces/godot_interfaces
[7.989s] -- Up-to-date: /home/colmenasio/Personal/Proyects/Racing/aimai_test_env_beta/ros_pgks/install/godot_interfaces/include/godot_interfaces/godot_interfaces/msg
[7.989s] -- Up-to-date: /home/colmenasio/Personal/Proyects/Racing/aimai_test_env_beta/ros_pgks/install/godot_interfaces/include/godot_interfaces/godot_interfaces/msg/detail
[7.989s] -- Installing: /home/colmenasio/Personal/Proyects/Racing/aimai_test_env_beta/ros_pgks/install/godot_interfaces/include/godot_interfaces/godot_interfaces/msg/detail/rrc_command__type_support.cpp
[7.989s] -- Installing: /home/colmenasio/Personal/Proyects/Racing/aimai_test_env_beta/ros_pgks/install/godot_interfaces/include/godot_interfaces/godot_interfaces/msg/detail/rrc_position__rosidl_typesupport_introspection_cpp.hpp
[7.989s] -- Installing: /home/colmenasio/Personal/Proyects/Racing/aimai_test_env_beta/ros_pgks/install/godot_interfaces/include/godot_interfaces/godot_interfaces/msg/detail/rrc_position__type_support.cpp
[7.990s] -- Installing: /home/colmenasio/Personal/Proyects/Racing/aimai_test_env_beta/ros_pgks/install/godot_interfaces/include/godot_interfaces/godot_interfaces/msg/detail/rrc_command__rosidl_typesupport_introspection_cpp.hpp
[7.990s] -- Installing: /home/colmenasio/Personal/Proyects/Racing/aimai_test_env_beta/ros_pgks/install/godot_interfaces/lib/libgodot_interfaces__rosidl_typesupport_introspection_cpp.so
[7.990s] -- Set non-toolchain portion of runtime path of "/home/colmenasio/Personal/Proyects/Racing/aimai_test_env_beta/ros_pgks/install/godot_interfaces/lib/libgodot_interfaces__rosidl_typesupport_introspection_cpp.so" to ""
[7.991s] -- Installing: /home/colmenasio/Personal/Proyects/Racing/aimai_test_env_beta/ros_pgks/install/godot_interfaces/lib/libgodot_interfaces__rosidl_typesupport_cpp.so
[7.991s] -- Set non-toolchain portion of runtime path of "/home/colmenasio/Personal/Proyects/Racing/aimai_test_env_beta/ros_pgks/install/godot_interfaces/lib/libgodot_interfaces__rosidl_typesupport_cpp.so" to ""
[7.991s] -- Installing: /home/colmenasio/Personal/Proyects/Racing/aimai_test_env_beta/ros_pgks/install/godot_interfaces/share/godot_interfaces/environment/pythonpath.sh
[7.992s] -- Installing: /home/colmenasio/Personal/Proyects/Racing/aimai_test_env_beta/ros_pgks/install/godot_interfaces/share/godot_interfaces/environment/pythonpath.dsv
[7.992s] -- Installing: /home/colmenasio/Personal/Proyects/Racing/aimai_test_env_beta/ros_pgks/install/godot_interfaces/lib/python3.12/site-packages/godot_interfaces-0.0.0-py3.12.egg-info
[7.992s] -- Installing: /home/colmenasio/Personal/Proyects/Racing/aimai_test_env_beta/ros_pgks/install/godot_interfaces/lib/python3.12/site-packages/godot_interfaces-0.0.0-py3.12.egg-info/dependency_links.txt
[7.993s] -- Installing: /home/colmenasio/Personal/Proyects/Racing/aimai_test_env_beta/ros_pgks/install/godot_interfaces/lib/python3.12/site-packages/godot_interfaces-0.0.0-py3.12.egg-info/PKG-INFO
[7.993s] -- Installing: /home/colmenasio/Personal/Proyects/Racing/aimai_test_env_beta/ros_pgks/install/godot_interfaces/lib/python3.12/site-packages/godot_interfaces-0.0.0-py3.12.egg-info/top_level.txt
[7.993s] -- Installing: /home/colmenasio/Personal/Proyects/Racing/aimai_test_env_beta/ros_pgks/install/godot_interfaces/lib/python3.12/site-packages/godot_interfaces-0.0.0-py3.12.egg-info/SOURCES.txt
[7.993s] -- Installing: /home/colmenasio/Personal/Proyects/Racing/aimai_test_env_beta/ros_pgks/install/godot_interfaces/lib/python3.12/site-packages/godot_interfaces
[7.993s] -- Installing: /home/colmenasio/Personal/Proyects/Racing/aimai_test_env_beta/ros_pgks/install/godot_interfaces/lib/python3.12/site-packages/godot_interfaces/_godot_interfaces_s.ep.rosidl_typesupport_introspection_c.c
[7.994s] -- Installing: /home/colmenasio/Personal/Proyects/Racing/aimai_test_env_beta/ros_pgks/install/godot_interfaces/lib/python3.12/site-packages/godot_interfaces/msg
[7.994s] -- Installing: /home/colmenasio/Personal/Proyects/Racing/aimai_test_env_beta/ros_pgks/install/godot_interfaces/lib/python3.12/site-packages/godot_interfaces/msg/_rrc_position.py
[7.994s] -- Installing: /home/colmenasio/Personal/Proyects/Racing/aimai_test_env_beta/ros_pgks/install/godot_interfaces/lib/python3.12/site-packages/godot_interfaces/msg/_rrc_command_s.c
[7.996s] -- Installing: /home/colmenasio/Personal/Proyects/Racing/aimai_test_env_beta/ros_pgks/install/godot_interfaces/lib/python3.12/site-packages/godot_interfaces/msg/_rrc_position_s.c
[7.996s] -- Installing: /home/colmenasio/Personal/Proyects/Racing/aimai_test_env_beta/ros_pgks/install/godot_interfaces/lib/python3.12/site-packages/godot_interfaces/msg/_rrc_command.py
[7.996s] -- Installing: /home/colmenasio/Personal/Proyects/Racing/aimai_test_env_beta/ros_pgks/install/godot_interfaces/lib/python3.12/site-packages/godot_interfaces/msg/__init__.py
[7.997s] -- Installing: /home/colmenasio/Personal/Proyects/Racing/aimai_test_env_beta/ros_pgks/install/godot_interfaces/lib/python3.12/site-packages/godot_interfaces/godot_interfaces_s__rosidl_typesupport_fastrtps_c.so
[7.997s] -- Installing: /home/colmenasio/Personal/Proyects/Racing/aimai_test_env_beta/ros_pgks/install/godot_interfaces/lib/python3.12/site-packages/godot_interfaces/godot_interfaces_s__rosidl_typesupport_c.so
[7.997s] -- Installing: /home/colmenasio/Personal/Proyects/Racing/aimai_test_env_beta/ros_pgks/install/godot_interfaces/lib/python3.12/site-packages/godot_interfaces/_godot_interfaces_s.ep.rosidl_typesupport_c.c
[7.997s] -- Installing: /home/colmenasio/Personal/Proyects/Racing/aimai_test_env_beta/ros_pgks/install/godot_interfaces/lib/python3.12/site-packages/godot_interfaces/_godot_interfaces_s.ep.rosidl_typesupport_fastrtps_c.c
[7.998s] -- Installing: /home/colmenasio/Personal/Proyects/Racing/aimai_test_env_beta/ros_pgks/install/godot_interfaces/lib/python3.12/site-packages/godot_interfaces/__init__.py
[7.998s] -- Installing: /home/colmenasio/Personal/Proyects/Racing/aimai_test_env_beta/ros_pgks/install/godot_interfaces/lib/python3.12/site-packages/godot_interfaces/godot_interfaces_s__rosidl_typesupport_introspection_c.so
[8.060s] Listing '/home/colmenasio/Personal/Proyects/Racing/aimai_test_env_beta/ros_pgks/install/godot_interfaces/lib/python3.12/site-packages/godot_interfaces'...
[8.060s] Compiling '/home/colmenasio/Personal/Proyects/Racing/aimai_test_env_beta/ros_pgks/install/godot_interfaces/lib/python3.12/site-packages/godot_interfaces/__init__.py'...
[8.060s] Listing '/home/colmenasio/Personal/Proyects/Racing/aimai_test_env_beta/ros_pgks/install/godot_interfaces/lib/python3.12/site-packages/godot_interfaces/msg'...
[8.060s] Compiling '/home/colmenasio/Personal/Proyects/Racing/aimai_test_env_beta/ros_pgks/install/godot_interfaces/lib/python3.12/site-packages/godot_interfaces/msg/__init__.py'...
[8.060s] Compiling '/home/colmenasio/Personal/Proyects/Racing/aimai_test_env_beta/ros_pgks/install/godot_interfaces/lib/python3.12/site-packages/godot_interfaces/msg/_rrc_command.py'...
[8.060s] Compiling '/home/colmenasio/Personal/Proyects/Racing/aimai_test_env_beta/ros_pgks/install/godot_interfaces/lib/python3.12/site-packages/godot_interfaces/msg/_rrc_position.py'...
[8.068s] -- Installing: /home/colmenasio/Personal/Proyects/Racing/aimai_test_env_beta/ros_pgks/install/godot_interfaces/lib/python3.12/site-packages/godot_interfaces/godot_interfaces_s__rosidl_typesupport_fastrtps_c.so
[8.069s] -- Set non-toolchain portion of runtime path of "/home/colmenasio/Personal/Proyects/Racing/aimai_test_env_beta/ros_pgks/install/godot_interfaces/lib/python3.12/site-packages/godot_interfaces/godot_interfaces_s__rosidl_typesupport_fastrtps_c.so" to ""
[8.069s] -- Installing: /home/colmenasio/Personal/Proyects/Racing/aimai_test_env_beta/ros_pgks/install/godot_interfaces/lib/python3.12/site-packages/godot_interfaces/godot_interfaces_s__rosidl_typesupport_introspection_c.so
[8.070s] -- Set non-toolchain portion of runtime path of "/home/colmenasio/Personal/Proyects/Racing/aimai_test_env_beta/ros_pgks/install/godot_interfaces/lib/python3.12/site-packages/godot_interfaces/godot_interfaces_s__rosidl_typesupport_introspection_c.so" to ""
[8.070s] -- Installing: /home/colmenasio/Personal/Proyects/Racing/aimai_test_env_beta/ros_pgks/install/godot_interfaces/lib/python3.12/site-packages/godot_interfaces/godot_interfaces_s__rosidl_typesupport_c.so
[8.071s] -- Set non-toolchain portion of runtime path of "/home/colmenasio/Personal/Proyects/Racing/aimai_test_env_beta/ros_pgks/install/godot_interfaces/lib/python3.12/site-packages/godot_interfaces/godot_interfaces_s__rosidl_typesupport_c.so" to ""
[8.071s] -- Installing: /home/colmenasio/Personal/Proyects/Racing/aimai_test_env_beta/ros_pgks/install/godot_interfaces/lib/libgodot_interfaces__rosidl_generator_py.so
[8.072s] -- Set non-toolchain portion of runtime path of "/home/colmenasio/Personal/Proyects/Racing/aimai_test_env_beta/ros_pgks/install/godot_interfaces/lib/libgodot_interfaces__rosidl_generator_py.so" to ""
[8.072s] -- Installing: /home/colmenasio/Personal/Proyects/Racing/aimai_test_env_beta/ros_pgks/install/godot_interfaces/share/godot_interfaces/msg/RRCCommand.idl
[8.072s] -- Installing: /home/colmenasio/Personal/Proyects/Racing/aimai_test_env_beta/ros_pgks/install/godot_interfaces/share/godot_interfaces/msg/RRCPosition.idl
[8.072s] -- Installing: /home/colmenasio/Personal/Proyects/Racing/aimai_test_env_beta/ros_pgks/install/godot_interfaces/share/godot_interfaces/msg/RRCCommand.msg
[8.073s] -- Installing: /home/colmenasio/Personal/Proyects/Racing/aimai_test_env_beta/ros_pgks/install/godot_interfaces/share/godot_interfaces/msg/RRCPosition.msg
[8.073s] -- Installing: /home/colmenasio/Personal/Proyects/Racing/aimai_test_env_beta/ros_pgks/install/godot_interfaces/share/ament_index/resource_index/package_run_dependencies/godot_interfaces
[8.073s] -- Installing: /home/colmenasio/Personal/Proyects/Racing/aimai_test_env_beta/ros_pgks/install/godot_interfaces/share/ament_index/resource_index/parent_prefix_path/godot_interfaces
[8.074s] -- Installing: /home/colmenasio/Personal/Proyects/Racing/aimai_test_env_beta/ros_pgks/install/godot_interfaces/share/godot_interfaces/environment/ament_prefix_path.sh
[8.074s] -- Installing: /home/colmenasio/Personal/Proyects/Racing/aimai_test_env_beta/ros_pgks/install/godot_interfaces/share/godot_interfaces/environment/ament_prefix_path.dsv
[8.074s] -- Installing: /home/colmenasio/Personal/Proyects/Racing/aimai_test_env_beta/ros_pgks/install/godot_interfaces/share/godot_interfaces/environment/path.sh
[8.075s] -- Installing: /home/colmenasio/Personal/Proyects/Racing/aimai_test_env_beta/ros_pgks/install/godot_interfaces/share/godot_interfaces/environment/path.dsv
[8.075s] -- Installing: /home/colmenasio/Personal/Proyects/Racing/aimai_test_env_beta/ros_pgks/install/godot_interfaces/share/godot_interfaces/local_setup.bash
[8.075s] -- Installing: /home/colmenasio/Personal/Proyects/Racing/aimai_test_env_beta/ros_pgks/install/godot_interfaces/share/godot_interfaces/local_setup.sh
[8.076s] -- Installing: /home/colmenasio/Personal/Proyects/Racing/aimai_test_env_beta/ros_pgks/install/godot_interfaces/share/godot_interfaces/local_setup.zsh
[8.076s] -- Installing: /home/colmenasio/Personal/Proyects/Racing/aimai_test_env_beta/ros_pgks/install/godot_interfaces/share/godot_interfaces/local_setup.dsv
[8.076s] -- Installing: /home/colmenasio/Personal/Proyects/Racing/aimai_test_env_beta/ros_pgks/install/godot_interfaces/share/godot_interfaces/package.dsv
[8.077s] -- Installing: /home/colmenasio/Personal/Proyects/Racing/aimai_test_env_beta/ros_pgks/install/godot_interfaces/share/ament_index/resource_index/packages/godot_interfaces
[8.077s] -- Installing: /home/colmenasio/Personal/Proyects/Racing/aimai_test_env_beta/ros_pgks/install/godot_interfaces/share/godot_interfaces/cmake/export_godot_interfaces__rosidl_generator_cExport.cmake
[8.077s] -- Installing: /home/colmenasio/Personal/Proyects/Racing/aimai_test_env_beta/ros_pgks/install/godot_interfaces/share/godot_interfaces/cmake/export_godot_interfaces__rosidl_generator_cExport-noconfig.cmake
[8.078s] -- Installing: /home/colmenasio/Personal/Proyects/Racing/aimai_test_env_beta/ros_pgks/install/godot_interfaces/share/godot_interfaces/cmake/export_godot_interfaces__rosidl_typesupport_fastrtps_cExport.cmake
[8.078s] -- Installing: /home/colmenasio/Personal/Proyects/Racing/aimai_test_env_beta/ros_pgks/install/godot_interfaces/share/godot_interfaces/cmake/export_godot_interfaces__rosidl_typesupport_fastrtps_cExport-noconfig.cmake
[8.078s] -- Installing: /home/colmenasio/Personal/Proyects/Racing/aimai_test_env_beta/ros_pgks/install/godot_interfaces/share/godot_interfaces/cmake/godot_interfaces__rosidl_typesupport_introspection_cExport.cmake
[8.079s] -- Installing: /home/colmenasio/Personal/Proyects/Racing/aimai_test_env_beta/ros_pgks/install/godot_interfaces/share/godot_interfaces/cmake/godot_interfaces__rosidl_typesupport_introspection_cExport-noconfig.cmake
[8.079s] -- Installing: /home/colmenasio/Personal/Proyects/Racing/aimai_test_env_beta/ros_pgks/install/godot_interfaces/share/godot_interfaces/cmake/godot_interfaces__rosidl_typesupport_cExport.cmake
[8.079s] -- Installing: /home/colmenasio/Personal/Proyects/Racing/aimai_test_env_beta/ros_pgks/install/godot_interfaces/share/godot_interfaces/cmake/godot_interfaces__rosidl_typesupport_cExport-noconfig.cmake
[8.080s] -- Installing: /home/colmenasio/Personal/Proyects/Racing/aimai_test_env_beta/ros_pgks/install/godot_interfaces/share/godot_interfaces/cmake/export_godot_interfaces__rosidl_generator_cppExport.cmake
[8.080s] -- Installing: /home/colmenasio/Personal/Proyects/Racing/aimai_test_env_beta/ros_pgks/install/godot_interfaces/share/godot_interfaces/cmake/export_godot_interfaces__rosidl_typesupport_fastrtps_cppExport.cmake
[8.080s] -- Installing: /home/colmenasio/Personal/Proyects/Racing/aimai_test_env_beta/ros_pgks/install/godot_interfaces/share/godot_interfaces/cmake/export_godot_interfaces__rosidl_typesupport_fastrtps_cppExport-noconfig.cmake
[8.081s] -- Installing: /home/colmenasio/Personal/Proyects/Racing/aimai_test_env_beta/ros_pgks/install/godot_interfaces/share/godot_interfaces/cmake/godot_interfaces__rosidl_typesupport_introspection_cppExport.cmake
[8.081s] -- Installing: /home/colmenasio/Personal/Proyects/Racing/aimai_test_env_beta/ros_pgks/install/godot_interfaces/share/godot_interfaces/cmake/godot_interfaces__rosidl_typesupport_introspection_cppExport-noconfig.cmake
[8.081s] -- Installing: /home/colmenasio/Personal/Proyects/Racing/aimai_test_env_beta/ros_pgks/install/godot_interfaces/share/godot_interfaces/cmake/godot_interfaces__rosidl_typesupport_cppExport.cmake
[8.082s] -- Installing: /home/colmenasio/Personal/Proyects/Racing/aimai_test_env_beta/ros_pgks/install/godot_interfaces/share/godot_interfaces/cmake/godot_interfaces__rosidl_typesupport_cppExport-noconfig.cmake
[8.082s] -- Installing: /home/colmenasio/Personal/Proyects/Racing/aimai_test_env_beta/ros_pgks/install/godot_interfaces/share/godot_interfaces/cmake/export_godot_interfaces__rosidl_generator_pyExport.cmake
[8.082s] -- Installing: /home/colmenasio/Personal/Proyects/Racing/aimai_test_env_beta/ros_pgks/install/godot_interfaces/share/godot_interfaces/cmake/export_godot_interfaces__rosidl_generator_pyExport-noconfig.cmake
[8.083s] -- Installing: /home/colmenasio/Personal/Proyects/Racing/aimai_test_env_beta/ros_pgks/install/godot_interfaces/share/godot_interfaces/cmake/rosidl_cmake-extras.cmake
[8.083s] -- Installing: /home/colmenasio/Personal/Proyects/Racing/aimai_test_env_beta/ros_pgks/install/godot_interfaces/share/godot_interfaces/cmake/ament_cmake_export_include_directories-extras.cmake
[8.084s] -- Installing: /home/colmenasio/Personal/Proyects/Racing/aimai_test_env_beta/ros_pgks/install/godot_interfaces/share/godot_interfaces/cmake/ament_cmake_export_libraries-extras.cmake
[8.084s] -- Installing: /home/colmenasio/Personal/Proyects/Racing/aimai_test_env_beta/ros_pgks/install/godot_interfaces/share/godot_interfaces/cmake/ament_cmake_export_targets-extras.cmake
[8.084s] -- Installing: /home/colmenasio/Personal/Proyects/Racing/aimai_test_env_beta/ros_pgks/install/godot_interfaces/share/godot_interfaces/cmake/rosidl_cmake_export_typesupport_targets-extras.cmake
[8.085s] -- Installing: /home/colmenasio/Personal/Proyects/Racing/aimai_test_env_beta/ros_pgks/install/godot_interfaces/share/godot_interfaces/cmake/ament_cmake_export_dependencies-extras.cmake
[8.085s] -- Installing: /home/colmenasio/Personal/Proyects/Racing/aimai_test_env_beta/ros_pgks/install/godot_interfaces/share/godot_interfaces/cmake/rosidl_cmake_export_typesupport_libraries-extras.cmake
[8.085s] -- Installing: /home/colmenasio/Personal/Proyects/Racing/aimai_test_env_beta/ros_pgks/install/godot_interfaces/share/godot_interfaces/cmake/godot_interfacesConfig.cmake
[8.085s] -- Installing: /home/colmenasio/Personal/Proyects/Racing/aimai_test_env_beta/ros_pgks/install/godot_interfaces/share/godot_interfaces/cmake/godot_interfacesConfig-version.cmake
[8.086s] -- Installing: /home/colmenasio/Personal/Proyects/Racing/aimai_test_env_beta/ros_pgks/install/godot_interfaces/share/godot_interfaces/package.xml
[8.091s] Invoked command in '/home/colmenasio/Personal/Proyects/Racing/aimai_test_env_beta/ros_pgks/build/godot_interfaces' returned '0': CMAKE_PREFIX_PATH=${CMAKE_PREFIX_PATH}:/opt/ros/jazzy DEBUGINFOD_URLS=https://debuginfod.ubuntu.com /usr/bin/cmake --install /home/colmenasio/Personal/Proyects/Racing/aimai_test_env_beta/ros_pgks/build/godot_interfaces
