[0.009s] Invoking command in '/home/colmenasio/Personal/Proyects/Racing/aimai_test_env_beta/ros_pgks/build/cpp_example_nodes': CMAKE_PREFIX_PATH=${CMAKE_PREFIX_PATH}:/opt/ros/jazzy DEBUGINFOD_URLS=https://debuginfod.ubuntu.com /usr/bin/cmake /home/colmenasio/Personal/Proyects/Racing/aimai_test_env_beta/ros_pgks/src/cpp_example_nodes -DCMAKE_INSTALL_PREFIX=/home/colmenasio/Personal/Proyects/Racing/aimai_test_env_beta/ros_pgks/install/cpp_example_nodes
[0.081s] -- The C compiler identification is GNU 13.2.0
[0.132s] -- The CXX compiler identification is GNU 13.2.0
[0.149s] -- Detecting C compiler ABI info
[0.229s] -- Detecting C compiler ABI info - done
[0.236s] -- Check for working C compiler: /usr/bin/cc - skipped
[0.237s] -- Detecting C compile features
[0.237s] -- Detecting C compile features - done
[0.246s] -- Detecting CXX compiler ABI info
[0.334s] -- Detecting CXX compiler ABI info - done
[0.341s] -- Check for working CXX compiler: /usr/bin/c++ - skipped
[0.341s] -- Detecting CXX compile features
[0.342s] -- Detecting CXX compile features - done
[0.346s] -- Found ament_cmake: 2.5.2 (/opt/ros/jazzy/share/ament_cmake/cmake)
[0.462s] -- Found Python3: /usr/bin/python3 (found version "3.12.3") found components: Interpreter 
[0.573s] -- Found rclcpp: 28.1.5 (/opt/ros/jazzy/share/rclcpp/cmake)
[0.614s] -- Found rosidl_generator_c: 4.6.4 (/opt/ros/jazzy/share/rosidl_generator_c/cmake)
[0.628s] -- Found rosidl_generator_cpp: 4.6.4 (/opt/ros/jazzy/share/rosidl_generator_cpp/cmake)
[0.645s] -- Using all available rosidl_typesupport_c: rosidl_typesupport_fastrtps_c;rosidl_typesupport_introspection_c
[0.662s] -- Using all available rosidl_typesupport_cpp: rosidl_typesupport_fastrtps_cpp;rosidl_typesupport_introspection_cpp
[0.741s] -- Found rmw_implementation_cmake: 7.3.1 (/opt/ros/jazzy/share/rmw_implementation_cmake/cmake)
[0.743s] -- Found rmw_fastrtps_cpp: 8.4.1 (/opt/ros/jazzy/share/rmw_fastrtps_cpp/cmake)
[0.821s] -- Found OpenSSL: /usr/lib/x86_64-linux-gnu/libcrypto.so (found version "3.0.13")  
[0.838s] -- Found FastRTPS: /opt/ros/jazzy/include (Required is at least version "2.13") 
[0.856s] -- Using RMW implementation 'rmw_fastrtps_cpp' as default
[0.933s] -- Found ament_lint_auto: 0.17.1 (/opt/ros/jazzy/share/ament_lint_auto/cmake)
[1.018s] -- Added test 'cppcheck' to perform static code analysis on C / C++ code
[1.018s] -- Configured cppcheck include dirs: 
[1.019s] -- Configured cppcheck exclude dirs and/or files: 
[1.019s] -- Added test 'lint_cmake' to check CMake code style
[1.021s] -- Added test 'uncrustify' to check C / C++ code style
[1.021s] -- Configured uncrustify additional arguments: 
[1.021s] -- Added test 'xmllint' to check XML markup files
[1.023s] -- Configuring done (1.0s)
[1.032s] -- Generating done (0.0s)
[1.034s] -- Build files have been written to: /home/colmenasio/Personal/Proyects/Racing/aimai_test_env_beta/ros_pgks/build/cpp_example_nodes
[1.042s] Invoked command in '/home/colmenasio/Personal/Proyects/Racing/aimai_test_env_beta/ros_pgks/build/cpp_example_nodes' returned '0': CMAKE_PREFIX_PATH=${CMAKE_PREFIX_PATH}:/opt/ros/jazzy DEBUGINFOD_URLS=https://debuginfod.ubuntu.com /usr/bin/cmake /home/colmenasio/Personal/Proyects/Racing/aimai_test_env_beta/ros_pgks/src/cpp_example_nodes -DCMAKE_INSTALL_PREFIX=/home/colmenasio/Personal/Proyects/Racing/aimai_test_env_beta/ros_pgks/install/cpp_example_nodes
[1.043s] Invoking command in '/home/colmenasio/Personal/Proyects/Racing/aimai_test_env_beta/ros_pgks/build/cpp_example_nodes': CMAKE_PREFIX_PATH=${CMAKE_PREFIX_PATH}:/opt/ros/jazzy DEBUGINFOD_URLS=https://debuginfod.ubuntu.com /usr/bin/cmake --build /home/colmenasio/Personal/Proyects/Racing/aimai_test_env_beta/ros_pgks/build/cpp_example_nodes -- -j16 -l16
[1.086s] [ 50%] [32mBuilding CXX object CMakeFiles/waveDriver.dir/src/wave_driver.cpp.o[0m
[3.760s] [100%] [32m[1mLinking CXX executable waveDriver[0m
[3.859s] [100%] Built target waveDriver
[3.870s] Invoked command in '/home/colmenasio/Personal/Proyects/Racing/aimai_test_env_beta/ros_pgks/build/cpp_example_nodes' returned '0': CMAKE_PREFIX_PATH=${CMAKE_PREFIX_PATH}:/opt/ros/jazzy DEBUGINFOD_URLS=https://debuginfod.ubuntu.com /usr/bin/cmake --build /home/colmenasio/Personal/Proyects/Racing/aimai_test_env_beta/ros_pgks/build/cpp_example_nodes -- -j16 -l16
[3.900s] Invoking command in '/home/colmenasio/Personal/Proyects/Racing/aimai_test_env_beta/ros_pgks/build/cpp_example_nodes': CMAKE_PREFIX_PATH=${CMAKE_PREFIX_PATH}:/opt/ros/jazzy DEBUGINFOD_URLS=https://debuginfod.ubuntu.com /usr/bin/cmake --install /home/colmenasio/Personal/Proyects/Racing/aimai_test_env_beta/ros_pgks/build/cpp_example_nodes
[3.906s] -- Install configuration: ""
[3.906s] -- Installing: /home/colmenasio/Personal/Proyects/Racing/aimai_test_env_beta/ros_pgks/install/cpp_example_nodes/lib/cpp_example_nodes/waveDriver
[3.907s] -- Set non-toolchain portion of runtime path of "/home/colmenasio/Personal/Proyects/Racing/aimai_test_env_beta/ros_pgks/install/cpp_example_nodes/lib/cpp_example_nodes/waveDriver" to ""
[3.907s] -- Installing: /home/colmenasio/Personal/Proyects/Racing/aimai_test_env_beta/ros_pgks/install/cpp_example_nodes/share/ament_index/resource_index/package_run_dependencies/cpp_example_nodes
[3.907s] -- Installing: /home/colmenasio/Personal/Proyects/Racing/aimai_test_env_beta/ros_pgks/install/cpp_example_nodes/share/ament_index/resource_index/parent_prefix_path/cpp_example_nodes
[3.907s] -- Installing: /home/colmenasio/Personal/Proyects/Racing/aimai_test_env_beta/ros_pgks/install/cpp_example_nodes/share/cpp_example_nodes/environment/ament_prefix_path.sh
[3.908s] -- Installing: /home/colmenasio/Personal/Proyects/Racing/aimai_test_env_beta/ros_pgks/install/cpp_example_nodes/share/cpp_example_nodes/environment/ament_prefix_path.dsv
[3.908s] -- Installing: /home/colmenasio/Personal/Proyects/Racing/aimai_test_env_beta/ros_pgks/install/cpp_example_nodes/share/cpp_example_nodes/environment/path.sh
[3.908s] -- Installing: /home/colmenasio/Personal/Proyects/Racing/aimai_test_env_beta/ros_pgks/install/cpp_example_nodes/share/cpp_example_nodes/environment/path.dsv
[3.908s] -- Installing: /home/colmenasio/Personal/Proyects/Racing/aimai_test_env_beta/ros_pgks/install/cpp_example_nodes/share/cpp_example_nodes/local_setup.bash
[3.908s] -- Installing: /home/colmenasio/Personal/Proyects/Racing/aimai_test_env_beta/ros_pgks/install/cpp_example_nodes/share/cpp_example_nodes/local_setup.sh
[3.908s] -- Installing: /home/colmenasio/Personal/Proyects/Racing/aimai_test_env_beta/ros_pgks/install/cpp_example_nodes/share/cpp_example_nodes/local_setup.zsh
[3.908s] -- Installing: /home/colmenasio/Personal/Proyects/Racing/aimai_test_env_beta/ros_pgks/install/cpp_example_nodes/share/cpp_example_nodes/local_setup.dsv
[3.909s] -- Installing: /home/colmenasio/Personal/Proyects/Racing/aimai_test_env_beta/ros_pgks/install/cpp_example_nodes/share/cpp_example_nodes/package.dsv
[3.909s] -- Installing: /home/colmenasio/Personal/Proyects/Racing/aimai_test_env_beta/ros_pgks/install/cpp_example_nodes/share/ament_index/resource_index/packages/cpp_example_nodes
[3.909s] -- Installing: /home/colmenasio/Personal/Proyects/Racing/aimai_test_env_beta/ros_pgks/install/cpp_example_nodes/share/cpp_example_nodes/cmake/cpp_example_nodesConfig.cmake
[3.909s] -- Installing: /home/colmenasio/Personal/Proyects/Racing/aimai_test_env_beta/ros_pgks/install/cpp_example_nodes/share/cpp_example_nodes/cmake/cpp_example_nodesConfig-version.cmake
[3.909s] -- Installing: /home/colmenasio/Personal/Proyects/Racing/aimai_test_env_beta/ros_pgks/install/cpp_example_nodes/share/cpp_example_nodes/package.xml
[3.911s] Invoked command in '/home/colmenasio/Personal/Proyects/Racing/aimai_test_env_beta/ros_pgks/build/cpp_example_nodes' returned '0': CMAKE_PREFIX_PATH=${CMAKE_PREFIX_PATH}:/opt/ros/jazzy DEBUGINFOD_URLS=https://debuginfod.ubuntu.com /usr/bin/cmake --install /home/colmenasio/Personal/Proyects/Racing/aimai_test_env_beta/ros_pgks/build/cpp_example_nodes
